INFO: Scan for 2f7e chain 'I' returned SwissProt ID IPKA_PIG. Found accession 
INFO: Scan for 2dce chain 'A' returned SwissProt ID MYSM1_HUMAN. Found accession 
INFO: Scan for 2f7x chain 'I' returned SwissProt ID IPKA_PIG. Found accession 
INFO: Scan for 2f7z chain 'I' returned SwissProt ID IPKA_PIG. Found accession 
INFO: Scan for 2fuj chain 'A' returned SwissProt ID Q4US32_XANC8. Found accession 
INFO: Scan for 2fuk chain 'A' returned SwissProt ID Q4V016_XANC8. Found accession 
INFO: Scan for 2gh0 chain 'C' returned SwissProt ID ARTN_HUMAN. Found accession 
INFO: Scan for 2gh0 chain 'D' returned SwissProt ID ARTN_HUMAN. Found accession 
INFO: Scan for 2axk chain 'A' returned SwissProt ID KA156_TITDI. Found accession 
INFO: Scan for 2dam chain 'A' returned SwissProt ID UBXD8_HUMAN. Found accession 
INFO: Scan for 2gm6 chain 'A' returned SwissProt ID Q46R41_RALEJ. Found accession 
INFO: Scan for 2b39 chain 'A' returned SwissProt ID CO3_BOVIN. Found accession 
INFO: Scan for 2b39 chain 'B' returned SwissProt ID CO3_BOVIN. Found accession 
INFO: Scan for 2ask chain 'A' returned SwissProt ID ARTN_HUMAN. Found accession 
INFO: Scan for 2ask chain 'B' returned SwissProt ID ARTN_HUMAN. Found accession 
INFO: Scan for 2d9o chain 'A' returned SwissProt ID DJC17_HUMAN. Found accession 
INFO: Scan for 2d8y chain 'A' returned SwissProt ID LIMA1_HUMAN. Found accession 
INFO: Scan for 2gs8 chain 'A' returned SwissProt ID Q9A097_STRP1. Found accession 
INFO: Scan for 2gem chain 'A' returned SwissProt ID Q8XFH3_SALTI. Found accession 
INFO: Scan for 2gem chain 'B' returned SwissProt ID Q8XFH3_SALTI. Found accession 
INFO: Scan for 2f9f chain 'A' returned SwissProt ID O30192_ARCFU. Found accession 
INFO: Scan for 2f9u chain 'C' returned SwissProt ID Q91RS4_9HEPC. Found accession 
INFO: Scan for 2f9u chain 'D' returned SwissProt ID O39914_9HEPC. Found accession 
INFO: Scan for 2f9z chain 'B' returned SwissProt ID Q9X006_THEMA. Found accession 
INFO: Scan for 2d8h chain 'A' returned SwissProt ID Q9Y3V5_HUMAN. Found accession 
INFO: Scan for 2d8i chain 'A' returned SwissProt ID Q59GK8_HUMAN. Found accession 
INFO: Scan for 2d8j chain 'A' returned SwissProt ID Q8BPC1_MOUSE. Found accession 
INFO: Scan for 2d8k chain 'A' returned SwissProt ID Q62747_RAT. Found accession 
INFO: Scan for 2ar3 chain 'C' returned SwissProt ID Q81WA9_BACAN. Found accession 
INFO: Scan for 2ar3 chain 'A' returned SwissProt ID Q81WA9_BACAN. Found accession 
INFO: Scan for 1z7t chain 'A' returned SwissProt ID Q9R9I3_BACSU. Found accession 
INFO: Scan for 2d89 chain 'A' returned SwissProt ID Q53TV6_HUMAN. Found accession 
INFO: Scan for 2d8d chain 'A' returned SwissProt ID Q72LN8_THET2. Found accession 
INFO: Scan for 1x19 chain 'A' returned SwissProt ID Q8KGE0_CHLTE. Found accession 
INFO: Scan for 2gex chain 'A' returned SwissProt ID Q9RN64_STRNO. Found accession 
INFO: Scan for 2gex chain 'B' returned SwissProt ID Q9RN64_STRNO. Found accession 
INFO: Scan for 2gey chain 'C' returned SwissProt ID Q1XDX7_9ACTO. Found accession 
INFO: Scan for 2gey chain 'A' returned SwissProt ID Q1XDX7_9ACTO. Found accession 
INFO: Scan for 2gey chain 'B' returned SwissProt ID Q1XDX7_9ACTO. Found accession 
INFO: Scan for 2gey chain 'D' returned SwissProt ID Q1XDX7_9ACTO. Found accession 
INFO: Scan for 1x1a chain 'A' returned SwissProt ID Q8KGE0_CHLTE. Found accession 
INFO: Scan for 2gsy chain 'S' returned SwissProt ID Q98VX2_IBDV. Found accession 
INFO: Scan for 2gsy chain 'F' returned SwissProt ID Q9WI42_IBDV. Found accession 
INFO: Scan for 2gsy chain 'T' returned SwissProt ID Q98VX2_IBDV. Found accession 
INFO: Scan for 2gsy chain 'N' returned SwissProt ID Q98VX2_IBDV. Found accession 
INFO: Scan for 2gsy chain 'K' returned SwissProt ID Q98VX2_IBDV. Found accession 
INFO: Scan for 2gsy chain 'E' returned SwissProt ID Q9WI42_IBDV. Found accession 
INFO: Scan for 2gsy chain 'Q' returned SwissProt ID Q98VX2_IBDV. Found accession 
INFO: Scan for 2gsy chain 'M' returned SwissProt ID Q98VX2_IBDV. Found accession 
INFO: Scan for 2gsy chain 'C' returned SwissProt ID Q98VX2_IBDV. Found accession 
INFO: Scan for 2gsy chain 'L' returned SwissProt ID Q98VX2_IBDV. Found accession 
INFO: Scan for 2gsy chain 'A' returned SwissProt ID Q98VX2_IBDV. Found accession 
INFO: Scan for 2gsy chain 'O' returned SwissProt ID Q98VX2_IBDV. Found accession 
INFO: Scan for 2gsy chain 'J' returned SwissProt ID Q98VX2_IBDV. Found accession 
INFO: Scan for 2gsy chain 'P' returned SwissProt ID Q9WI42_IBDV. Found accession 
INFO: Scan for 2gsy chain 'B' returned SwissProt ID Q98VX2_IBDV. Found accession 
INFO: Scan for 2gsy chain 'H' returned SwissProt ID Q98VX2_IBDV. Found accession 
INFO: Scan for 2gsy chain 'D' returned SwissProt ID Q98VX2_IBDV. Found accession 
INFO: Scan for 2gsy chain 'R' returned SwissProt ID Q9WI42_IBDV. Found accession 
INFO: Scan for 2gsy chain 'I' returned SwissProt ID Q98VX2_IBDV. Found accession 
INFO: Scan for 2gsy chain 'G' returned SwissProt ID Q9WI42_IBDV. Found accession 
INFO: Scan for 2dfw chain 'A' returned SwissProt ID Q4U1A6_MICLU. Found accession 
INFO: Scan for 2czn chain 'A' returned SwissProt ID Q8U1H5_PYRFU. Found accession 
INFO: Scan for 2d0a chain 'A' returned SwissProt ID Q6L6Q4_BACST. Found accession 
INFO: Scan for 2d0b chain 'A' returned SwissProt ID Q6L6Q4_BACST. Found accession 
INFO: Scan for 2d0c chain 'A' returned SwissProt ID Q6L6Q4_BACST. Found accession 
INFO: Scan for 2d3a chain 'F' returned SwissProt ID GLNA4_MAIZE. Found accession 
INFO: Scan for 2d3a chain 'E' returned SwissProt ID GLNA4_MAIZE. Found accession 
INFO: Scan for 2d3a chain 'C' returned SwissProt ID GLNA4_MAIZE. Found accession 
INFO: Scan for 2d3a chain 'A' returned SwissProt ID GLNA4_MAIZE. Found accession 
INFO: Scan for 2d3a chain 'J' returned SwissProt ID GLNA4_MAIZE. Found accession 
INFO: Scan for 2d3a chain 'B' returned SwissProt ID GLNA4_MAIZE. Found accession 
INFO: Scan for 2d3a chain 'H' returned SwissProt ID GLNA4_MAIZE. Found accession 
INFO: Scan for 2d3a chain 'D' returned SwissProt ID GLNA4_MAIZE. Found accession 
INFO: Scan for 2d3a chain 'I' returned SwissProt ID GLNA4_MAIZE. Found accession 
INFO: Scan for 2d3a chain 'G' returned SwissProt ID GLNA4_MAIZE. Found accession 
INFO: Scan for 2d3b chain 'F' returned SwissProt ID GLNA4_MAIZE. Found accession 
INFO: Scan for 2d3b chain 'E' returned SwissProt ID GLNA4_MAIZE. Found accession 
INFO: Scan for 2d3b chain 'C' returned SwissProt ID GLNA4_MAIZE. Found accession 
INFO: Scan for 2d3b chain 'A' returned SwissProt ID GLNA4_MAIZE. Found accession 
INFO: Scan for 2d3b chain 'J' returned SwissProt ID GLNA4_MAIZE. Found accession 
INFO: Scan for 2d3b chain 'B' returned SwissProt ID GLNA4_MAIZE. Found accession 
INFO: Scan for 2d3b chain 'H' returned SwissProt ID GLNA4_MAIZE. Found accession 
INFO: Scan for 2d3b chain 'D' returned SwissProt ID GLNA4_MAIZE. Found accession 
INFO: Scan for 2d3b chain 'I' returned SwissProt ID GLNA4_MAIZE. Found accession 
INFO: Scan for 2d3b chain 'G' returned SwissProt ID GLNA4_MAIZE. Found accession 
INFO: Scan for 2d3c chain 'F' returned SwissProt ID GLNA4_MAIZE. Found accession 
INFO: Scan for 2d3c chain 'E' returned SwissProt ID GLNA4_MAIZE. Found accession 
INFO: Scan for 2d3c chain 'C' returned SwissProt ID GLNA4_MAIZE. Found accession 
INFO: Scan for 2d3c chain 'A' returned SwissProt ID GLNA4_MAIZE. Found accession 
INFO: Scan for 2d3c chain 'J' returned SwissProt ID GLNA4_MAIZE. Found accession 
INFO: Scan for 2d3c chain 'B' returned SwissProt ID GLNA4_MAIZE. Found accession 
INFO: Scan for 2d3c chain 'H' returned SwissProt ID GLNA4_MAIZE. Found accession 
INFO: Scan for 2d3c chain 'D' returned SwissProt ID GLNA4_MAIZE. Found accession 
INFO: Scan for 2d3c chain 'I' returned SwissProt ID GLNA4_MAIZE. Found accession 
INFO: Scan for 2d3c chain 'G' returned SwissProt ID GLNA4_MAIZE. Found accession 
INFO: Scan for 2ayt chain 'A' returned SwissProt ID O66753_AQUAE. Found accession 
INFO: Scan for 2ayt chain 'B' returned SwissProt ID O66753_AQUAE. Found accession 
INFO: Scan for 2b3b chain 'F' returned SwissProt ID Q72KX2_THET2. Found accession 
INFO: Scan for 2b3b chain 'E' returned SwissProt ID Q72KX2_THET2. Found accession 
INFO: Scan for 2b3b chain 'C' returned SwissProt ID Q72KX2_THET2. Found accession 
INFO: Scan for 2b3b chain 'A' returned SwissProt ID Q72KX2_THET2. Found accession 
INFO: Scan for 2b3b chain 'B' returned SwissProt ID Q72KX2_THET2. Found accession 
INFO: Scan for 2b3b chain 'D' returned SwissProt ID Q72KX2_THET2. Found accession 
INFO: Scan for 2b3f chain 'F' returned SwissProt ID Q72KX2_THET2. Found accession 
INFO: Scan for 2b3f chain 'E' returned SwissProt ID Q72KX2_THET2. Found accession 
INFO: Scan for 2b3f chain 'C' returned SwissProt ID Q72KX2_THET2. Found accession 
INFO: Scan for 2b3f chain 'A' returned SwissProt ID Q72KX2_THET2. Found accession 
INFO: Scan for 2b3f chain 'B' returned SwissProt ID Q72KX2_THET2. Found accession 
INFO: Scan for 2b3f chain 'D' returned SwissProt ID Q72KX2_THET2. Found accession 
INFO: Scan for 2akl chain 'A' returned SwissProt ID Q9I704_PSEAE. Found accession 
INFO: Scan for 2amn chain 'A' returned SwissProt ID Q2IAM1_CHICK. Found accession 
INFO: Scan for 2ac7 chain 'A' returned SwissProt ID DEOD_BACHK. Found accession 
INFO: Scan for 2ac7 chain 'B' returned SwissProt ID Q2AM32_9BACI. Found accession 
INFO: Scan for 2a4w chain 'A' returned SwissProt ID O05205_STRLA. Found accession 
INFO: Scan for 2a4w chain 'B' returned SwissProt ID O05205_STRLA. Found accession 
INFO: Scan for 2a4x chain 'A' returned SwissProt ID O05205_STRLA. Found accession 
INFO: Scan for 2a4x chain 'B' returned SwissProt ID O05205_STRLA. Found accession 
INFO: Scan for 1x1b chain 'A' returned SwissProt ID Q8KGE0_CHLTE. Found accession 
INFO: Scan for 1x1c chain 'A' returned SwissProt ID Q8KGE0_CHLTE. Found accession 
INFO: Scan for 1x1d chain 'A' returned SwissProt ID Q8KGE0_CHLTE. Found accession 
INFO: Scan for 2czq chain 'A' returned SwissProt ID Q874E9_9HETE. Found accession 
INFO: Scan for 2czq chain 'B' returned SwissProt ID Q874E9_9HETE. Found accession 
INFO: Scan for 2hfv chain 'A' returned SwissProt ID Q6NAY9_RHOPA. Found accession 
INFO: Scan for 2h9g chain 'L' returned SwissProt ID Q6GMX8_HUMAN. Found accession 
INFO: Scan for 2h9g chain 'A' returned SwissProt ID Q6GMX8_HUMAN. Found accession 
INFO: Scan for 2gme chain 'A' returned SwissProt ID Q8GSD2_9FABA. Found accession 
INFO: Scan for 2gme chain 'B' returned SwissProt ID Q8GSD2_9FABA. Found accession 
INFO: Scan for 2gmm chain 'A' returned SwissProt ID Q8GSD2_9FABA. Found accession 
INFO: Scan for 2gmm chain 'B' returned SwissProt ID Q8GSD2_9FABA. Found accession 
INFO: Scan for 2gmp chain 'B' returned SwissProt ID Q8GSD2_9FABA. Found accession 
INFO: Scan for 2gn3 chain 'A' returned SwissProt ID Q8GSD2_9FABA. Found accession 
INFO: Scan for 2gn3 chain 'B' returned SwissProt ID Q8GSD2_9FABA. Found accession 
INFO: Scan for 2gn7 chain 'A' returned SwissProt ID Q8GSD2_9FABA. Found accession 
INFO: Scan for 2gn7 chain 'B' returned SwissProt ID Q8GSD2_9FABA. Found accession 
INFO: Scan for 2gnb chain 'A' returned SwissProt ID Q8GSD2_9FABA. Found accession 
INFO: Scan for 2gnb chain 'B' returned SwissProt ID Q8GSD2_9FABA. Found accession 
INFO: Scan for 2gnd chain 'A' returned SwissProt ID Q8GSD2_9FABA. Found accession 
INFO: Scan for 2gnd chain 'B' returned SwissProt ID Q8GSD2_9FABA. Found accession 
INFO: Scan for 2gnm chain 'A' returned SwissProt ID Q8GSD2_9FABA. Found accession 
INFO: Scan for 2gnm chain 'B' returned SwissProt ID Q8GSD2_9FABA. Found accession 
INFO: Scan for 2gnt chain 'A' returned SwissProt ID Q8GSD2_9FABA. Found accession 
INFO: Scan for 2gnt chain 'B' returned SwissProt ID Q8GSD2_9FABA. Found accession 
INFO: Scan for 2gou chain 'A' returned SwissProt ID Q8EEC8_SHEON. Found accession 
INFO: Scan for 2gq8 chain 'A' returned SwissProt ID Q8EEC8_SHEON. Found accession 
INFO: Scan for 2gq9 chain 'A' returned SwissProt ID Q8EEC8_SHEON. Found accession 
INFO: Scan for 2gqa chain 'A' returned SwissProt ID Q8EEC8_SHEON. Found accession 
INFO: Scan for 2gcz chain 'A' returned SwissProt ID CXAA_CONOM. Found accession 
INFO: Scan for 2fyq chain 'A' returned SwissProt ID Q83883_9CALI. Found accession 
INFO: Scan for 2fyr chain 'A' returned SwissProt ID Q83883_9CALI. Found accession 
INFO: Scan for 2ft2 chain 'A' returned SwissProt ID CATS_HUMAN. Found accession 
INFO: Scan for 2ft2 chain 'B' returned SwissProt ID CATS_HUMAN. Found accession 
INFO: Scan for 2fra chain 'A' returned SwissProt ID CATS_HUMAN. Found accession 
INFO: Scan for 2fra chain 'B' returned SwissProt ID CATS_HUMAN. Found accession 
INFO: Scan for 2frq chain 'A' returned SwissProt ID CATS_HUMAN. Found accession 
INFO: Scan for 2frq chain 'B' returned SwissProt ID CATS_HUMAN. Found accession 
INFO: Scan for 2g8c chain 'O' returned SwissProt ID Q45040_BORBU. Found accession 
INFO: Scan for 2amw chain 'A' returned SwissProt ID Q82SY3_NITEU. Found accession 
INFO: Scan for 2gtd chain 'F' returned SwissProt ID Q9WZY5_THEMA. Found accession 
INFO: Scan for 2gtd chain 'E' returned SwissProt ID Q9WZY5_THEMA. Found accession 
INFO: Scan for 2gtd chain 'C' returned SwissProt ID Q9WZY5_THEMA. Found accession 
INFO: Scan for 2gtd chain 'A' returned SwissProt ID Q9WZY5_THEMA. Found accession 
INFO: Scan for 2gtd chain 'B' returned SwissProt ID Q9WZY5_THEMA. Found accession 
INFO: Scan for 2gtd chain 'D' returned SwissProt ID Q9WZY5_THEMA. Found accession 
INFO: Scan for 2gty chain 'A' returned SwissProt ID GRFIN_GRISQ. Found accession 
INFO: Scan for 2gty chain 'B' returned SwissProt ID GRFIN_GRISQ. Found accession 
INFO: Scan for 2guc chain 'A' returned SwissProt ID GRFIN_GRISQ. Found accession 
INFO: Scan for 2guc chain 'B' returned SwissProt ID GRFIN_GRISQ. Found accession 
INFO: Scan for 2gud chain 'A' returned SwissProt ID GRFIN_GRISQ. Found accession 
INFO: Scan for 2gud chain 'B' returned SwissProt ID GRFIN_GRISQ. Found accession 
INFO: Scan for 2gue chain 'A' returned SwissProt ID GRFIN_GRISQ. Found accession 
INFO: Scan for 2gue chain 'B' returned SwissProt ID GRFIN_GRISQ. Found accession 
INFO: Scan for 2gux chain 'A' returned SwissProt ID GRFIN_GRISQ. Found accession 
INFO: Scan for 2h50 chain 'S' returned SwissProt ID Q41560_WHEAT. Found accession 
INFO: Scan for 2h50 chain 'F' returned SwissProt ID Q41560_WHEAT. Found accession 
INFO: Scan for 2h50 chain 'T' returned SwissProt ID Q41560_WHEAT. Found accession 
INFO: Scan for 2h50 chain 'N' returned SwissProt ID Q41560_WHEAT. Found accession 
INFO: Scan for 2h50 chain 'K' returned SwissProt ID Q41560_WHEAT. Found accession 
INFO: Scan for 2h50 chain 'E' returned SwissProt ID Q41560_WHEAT. Found accession 
INFO: Scan for 2h50 chain 'V' returned SwissProt ID Q41560_WHEAT. Found accession 
INFO: Scan for 2h50 chain 'Q' returned SwissProt ID Q41560_WHEAT. Found accession 
INFO: Scan for 2h50 chain 'M' returned SwissProt ID Q41560_WHEAT. Found accession 
INFO: Scan for 2h50 chain 'C' returned SwissProt ID Q41560_WHEAT. Found accession 
INFO: Scan for 2h50 chain 'L' returned SwissProt ID Q41560_WHEAT. Found accession 
INFO: Scan for 2h50 chain 'A' returned SwissProt ID Q41560_WHEAT. Found accession 
INFO: Scan for 2h50 chain 'O' returned SwissProt ID Q41560_WHEAT. Found accession 
INFO: Scan for 2h50 chain 'J' returned SwissProt ID Q41560_WHEAT. Found accession 
INFO: Scan for 2h50 chain 'W' returned SwissProt ID Q41560_WHEAT. Found accession 
INFO: Scan for 2h50 chain 'X' returned SwissProt ID Q41560_WHEAT. Found accession 
INFO: Scan for 2h50 chain 'P' returned SwissProt ID Q41560_WHEAT. Found accession 
INFO: Scan for 2h50 chain 'B' returned SwissProt ID Q41560_WHEAT. Found accession 
INFO: Scan for 2h50 chain 'H' returned SwissProt ID Q41560_WHEAT. Found accession 
INFO: Scan for 2h50 chain 'D' returned SwissProt ID Q41560_WHEAT. Found accession 
INFO: Scan for 2h50 chain 'R' returned SwissProt ID Q41560_WHEAT. Found accession 
INFO: Scan for 2h50 chain 'I' returned SwissProt ID Q41560_WHEAT. Found accession 
INFO: Scan for 2h50 chain 'G' returned SwissProt ID Q41560_WHEAT. Found accession 
INFO: Scan for 2h50 chain 'U' returned SwissProt ID Q41560_WHEAT. Found accession 
INFO: Scan for 2h53 chain 'S' returned SwissProt ID Q41560_WHEAT. Found accession 
INFO: Scan for 2h53 chain 'F' returned SwissProt ID Q41560_WHEAT. Found accession 
INFO: Scan for 2h53 chain 'T' returned SwissProt ID Q41560_WHEAT. Found accession 
INFO: Scan for 2h53 chain 'N' returned SwissProt ID Q41560_WHEAT. Found accession 
INFO: Scan for 2h53 chain 'K' returned SwissProt ID Q41560_WHEAT. Found accession 
INFO: Scan for 2h53 chain 'E' returned SwissProt ID Q41560_WHEAT. Found accession 
INFO: Scan for 2h53 chain 'V' returned SwissProt ID Q41560_WHEAT. Found accession 
INFO: Scan for 2h53 chain 'Q' returned SwissProt ID Q41560_WHEAT. Found accession 
INFO: Scan for 2h53 chain 'M' returned SwissProt ID Q41560_WHEAT. Found accession 
INFO: Scan for 2h53 chain 'C' returned SwissProt ID Q41560_WHEAT. Found accession 
INFO: Scan for 2h53 chain 'L' returned SwissProt ID Q41560_WHEAT. Found accession 
INFO: Scan for 2h53 chain 'A' returned SwissProt ID Q41560_WHEAT. Found accession 
INFO: Scan for 2h53 chain 'O' returned SwissProt ID Q41560_WHEAT. Found accession 
INFO: Scan for 2h53 chain 'J' returned SwissProt ID Q41560_WHEAT. Found accession 
INFO: Scan for 2h53 chain 'W' returned SwissProt ID Q41560_WHEAT. Found accession 
INFO: Scan for 2h53 chain 'X' returned SwissProt ID Q41560_WHEAT. Found accession 
INFO: Scan for 2h53 chain 'P' returned SwissProt ID Q41560_WHEAT. Found accession 
INFO: Scan for 2h53 chain 'B' returned SwissProt ID Q41560_WHEAT. Found accession 
INFO: Scan for 2h53 chain 'H' returned SwissProt ID Q41560_WHEAT. Found accession 
INFO: Scan for 2h53 chain 'D' returned SwissProt ID Q41560_WHEAT. Found accession 
INFO: Scan for 2h53 chain 'R' returned SwissProt ID Q41560_WHEAT. Found accession 
INFO: Scan for 2h53 chain 'I' returned SwissProt ID Q41560_WHEAT. Found accession 
INFO: Scan for 2h53 chain 'G' returned SwissProt ID Q41560_WHEAT. Found accession 
INFO: Scan for 2h53 chain 'U' returned SwissProt ID Q41560_WHEAT. Found accession 
INFO: Scan for 2gsn chain 'A' returned SwissProt ID Q8PIS1_XANAC. Found accession 
INFO: Scan for 2gsn chain 'B' returned SwissProt ID Q8PIS1_XANAC. Found accession 
INFO: Scan for 2gso chain 'A' returned SwissProt ID Q8PIS1_XANAC. Found accession 
INFO: Scan for 2gso chain 'B' returned SwissProt ID Q8PIS1_XANAC. Found accession 
INFO: Scan for 2gsu chain 'A' returned SwissProt ID Q8PIS1_XANAC. Found accession 
INFO: Scan for 2gsu chain 'B' returned SwissProt ID Q8PIS1_XANAC. Found accession 
INFO: Scan for 2fud chain 'A' returned SwissProt ID CATS_HUMAN. Found accession 
INFO: Scan for 2fud chain 'B' returned SwissProt ID CATS_HUMAN. Found accession 
INFO: Scan for 2fs5 chain 'A' returned SwissProt ID Q1R4E7_ECOUT. Found accession 
INFO: Scan for 2fs5 chain 'B' returned SwissProt ID Q1R4E7_ECOUT. Found accession 
INFO: Scan for 2ft0 chain 'A' returned SwissProt ID Q1R4E7_ECOUT. Found accession 
INFO: Scan for 2ft0 chain 'B' returned SwissProt ID Q1R4E7_ECOUT. Found accession 
INFO: Scan for 2d3u chain 'A' returned SwissProt ID Q99AU2_9HEPC. Found accession 
INFO: Scan for 2d3u chain 'B' returned SwissProt ID Q99AU2_9HEPC. Found accession 
INFO: Scan for 2d3z chain 'A' returned SwissProt ID Q99AU2_9HEPC. Found accession 
INFO: Scan for 2d3z chain 'B' returned SwissProt ID Q99AU2_9HEPC. Found accession 
INFO: Scan for 2d41 chain 'A' returned SwissProt ID Q99AU2_9HEPC. Found accession 
INFO: Scan for 2d41 chain 'B' returned SwissProt ID Q99AU2_9HEPC. Found accession 
INFO: Scan for 2csu chain 'A' returned SwissProt ID O58493_PYRHO. Found accession 
INFO: Scan for 2csu chain 'B' returned SwissProt ID O58493_PYRHO. Found accession 
INFO: Scan for 2arb chain 'A' returned SwissProt ID Q8GSD2_9FABA. Found accession 
INFO: Scan for 2arb chain 'B' returned SwissProt ID Q8GSD2_9FABA. Found accession 
INFO: Scan for 2are chain 'A' returned SwissProt ID Q8GSD2_9FABA. Found accession 
INFO: Scan for 2are chain 'B' returned SwissProt ID Q8GSD2_9FABA. Found accession 
INFO: Scan for 2arx chain 'A' returned SwissProt ID Q8GSD2_9FABA. Found accession 
INFO: Scan for 2arx chain 'B' returned SwissProt ID Q8GSD2_9FABA. Found accession 
INFO: Scan for 2amz chain 'A' returned SwissProt ID Q9M6E9_ABRPR. Found accession 
INFO: Scan for 2amz chain 'B' returned SwissProt ID Q9M6E9_ABRPR. Found accession 
INFO: Scan for 2ap8 chain 'A' returned SwissProt ID BMNH4_BOMVA. Found accession 
INFO: Scan for 2ar6 chain 'A' returned SwissProt ID Q8GSD2_9FABA. Found accession 
INFO: Scan for 2ar6 chain 'B' returned SwissProt ID Q8GSD2_9FABA. Found accession 
INFO: Scan for 1zgj chain 'A' returned SwissProt ID Q29U70_MEDTR. Found accession 
INFO: Scan for 1zhf chain 'A' returned SwissProt ID Q29U70_MEDTR. Found accession 
INFO: Scan for 1zg3 chain 'A' returned SwissProt ID Q29U70_MEDTR. Found accession 
INFO: Scan for 1zga chain 'A' returned SwissProt ID Q29U70_MEDTR. Found accession 
INFO: Scan for 1x1q chain 'A' returned SwissProt ID TRPB_THET2. Found accession 
INFO: Scan for 2gag chain 'C' returned SwissProt ID Q3ZDQ7_XANMA. Found accession 
INFO: Scan for 2gag chain 'A' returned SwissProt ID Q3ZDQ8_XANMA. Found accession 
INFO: Scan for 2gag chain 'B' returned SwissProt ID Q3ZDR0_XANMA. Found accession 
INFO: Scan for 2gag chain 'D' returned SwissProt ID Q3ZDQ9_XANMA. Found accession 
INFO: Scan for 2gah chain 'C' returned SwissProt ID Q3ZDQ7_XANMA. Found accession 
INFO: Scan for 2gah chain 'A' returned SwissProt ID Q3ZDQ8_XANMA. Found accession 
INFO: Scan for 2gah chain 'B' returned SwissProt ID Q3ZDR0_XANMA. Found accession 
INFO: Scan for 2gah chain 'D' returned SwissProt ID Q3ZDQ9_XANMA. Found accession 
INFO: Scan for 2g8s chain 'A' returned SwissProt ID Q323V1_SHIBS. Found accession 
INFO: Scan for 2g8s chain 'B' returned SwissProt ID YLII_ECOLI. Found accession 
INFO: Scan for 2g66 chain 'A' returned SwissProt ID Q4SPJ4_TETNG. Found accession 
INFO: Scan for 2g66 chain 'B' returned SwissProt ID Q4SPJ4_TETNG. Found accession 
INFO: Scan for 2g66 chain 'G' returned SwissProt ID Q4SPJ4_TETNG. Found accession 
INFO: Scan for 2g0i chain 'A' returned SwissProt ID Q8DUQ5_STRMU. Found accession 
INFO: Scan for 2g0i chain 'B' returned SwissProt ID Q8DUQ5_STRMU. Found accession 
INFO: Scan for 2g0j chain 'C' returned SwissProt ID Q8DUQ5_STRMU. Found accession 
INFO: Scan for 2g0j chain 'A' returned SwissProt ID Q8DUQ5_STRMU. Found accession 
INFO: Scan for 2g0j chain 'B' returned SwissProt ID Q8DUQ5_STRMU. Found accession 
INFO: Scan for 2g0j chain 'D' returned SwissProt ID Q8DUQ5_STRMU. Found accession 
INFO: Scan for 2fyk chain 'A' returned SwissProt ID O57883_PYRHO. Found accession 
INFO: Scan for 2fyk chain 'B' returned SwissProt ID O57883_PYRHO. Found accession 
INFO: Scan for 2fye chain 'A' returned SwissProt ID CATS_HUMAN. Found accession 
INFO: Scan for 2fyg chain 'A' returned SwissProt ID Q6RCZ9_CVHSA. Found accession 
INFO: Scan for 2fq0 chain 'A' returned SwissProt ID O77077_PLAFA. Found accession 
INFO: Scan for 2fq2 chain 'A' returned SwissProt ID O77077_PLAFA. Found accession 
INFO: Scan for 2cu2 chain 'A' returned SwissProt ID Q5SHI0_THET8. Found accession 
INFO: Scan for 2bed chain 'A' returned SwissProt ID Q5RKJ4_RAT. Found accession 
INFO: Scan for 2auy chain 'A' returned SwissProt ID Q8GSD2_9FABA. Found accession 
INFO: Scan for 2auy chain 'B' returned SwissProt ID Q8GSD2_9FABA. Found accession 
INFO: Scan for 2avk chain 'A' returned SwissProt ID Q9REU3_DESVU. Found accession 
INFO: Scan for 2aby chain 'A' returned SwissProt ID Q9HK62_THEAC. Found accession 
INFO: Scan for 2guy chain 'A' returned SwissProt ID Q76CT3_ASPKA. Found accession 
INFO: Scan for 2gvy chain 'A' returned SwissProt ID Q76CT3_ASPKA. Found accession 
INFO: Scan for 2gvy chain 'B' returned SwissProt ID Q76CT3_ASPKA. Found accession 
INFO: Scan for 2gyy chain 'C' returned SwissProt ID Q8DQ00_STRR6. Found accession 
INFO: Scan for 2gyy chain 'A' returned SwissProt ID Q8DQ00_STRR6. Found accession 
INFO: Scan for 2gyy chain 'B' returned SwissProt ID Q8DQ00_STRR6. Found accession 
INFO: Scan for 2gyy chain 'D' returned SwissProt ID Q8DQ00_STRR6. Found accession 
INFO: Scan for 2gz1 chain 'A' returned SwissProt ID Q8DQ00_STRR6. Found accession 
INFO: Scan for 2gz1 chain 'B' returned SwissProt ID Q8DQ00_STRR6. Found accession 
INFO: Scan for 2gz2 chain 'A' returned SwissProt ID Q8DQ00_STRR6. Found accession 
INFO: Scan for 2gz2 chain 'B' returned SwissProt ID Q8DQ00_STRR6. Found accession 
INFO: Scan for 2gz3 chain 'C' returned SwissProt ID Q8DQ00_STRR6. Found accession 
INFO: Scan for 2gz3 chain 'A' returned SwissProt ID Q8DQ00_STRR6. Found accession 
INFO: Scan for 2gz3 chain 'B' returned SwissProt ID Q8DQ00_STRR6. Found accession 
INFO: Scan for 2gz3 chain 'D' returned SwissProt ID Q8DQ00_STRR6. Found accession 
INFO: Scan for 2htd chain 'A' returned SwissProt ID Q1GBW8_LACDA. Found accession 
INFO: Scan for 2htd chain 'B' returned SwissProt ID Q1GBW8_LACDA. Found accession 
INFO: Scan for 2g3o chain 'F' returned SwissProt ID Q6WV12_9MAXI. Found accession 
INFO: Scan for 2g3o chain 'E' returned SwissProt ID Q6WV12_9MAXI. Found accession 
INFO: Scan for 2g3o chain 'C' returned SwissProt ID Q6WV12_9MAXI. Found accession 
INFO: Scan for 2g3o chain 'A' returned SwissProt ID Q6WV12_9MAXI. Found accession 
INFO: Scan for 2g3o chain 'B' returned SwissProt ID Q6WV12_9MAXI. Found accession 
INFO: Scan for 2g3o chain 'D' returned SwissProt ID Q6WV12_9MAXI. Found accession 
INFO: Scan for 2g9t chain 'S' returned SwissProt ID Q6VAA1_CVHSA. Found accession 
INFO: Scan for 2g9t chain 'F' returned SwissProt ID Q6RCW6_CVHSA. Found accession 
INFO: Scan for 2g9t chain 'T' returned SwissProt ID Q6VAA1_CVHSA. Found accession 
INFO: Scan for 2g9t chain 'N' returned SwissProt ID Q6VAA1_CVHSA. Found accession 
INFO: Scan for 2g9t chain 'K' returned SwissProt ID Q6VAA1_CVHSA. Found accession 
INFO: Scan for 2g9t chain 'E' returned SwissProt ID Q6VAA1_CVHSA. Found accession 
INFO: Scan for 2g9t chain 'V' returned SwissProt ID Q6RCY8_CVHSA. Found accession 
INFO: Scan for 2g9t chain 'Q' returned SwissProt ID Q6VAA1_CVHSA. Found accession 
INFO: Scan for 2g9t chain 'M' returned SwissProt ID Q6VAA1_CVHSA. Found accession 
INFO: Scan for 2g9t chain 'C' returned SwissProt ID Q6VAA1_CVHSA. Found accession 
INFO: Scan for 2g9t chain 'L' returned SwissProt ID Q6VAA1_CVHSA. Found accession 
INFO: Scan for 2g9t chain 'A' returned SwissProt ID Q6VAA1_CVHSA. Found accession 
INFO: Scan for 2g9t chain 'O' returned SwissProt ID Q6VAA1_CVHSA. Found accession 
INFO: Scan for 2g9t chain 'J' returned SwissProt ID Q6VAA1_CVHSA. Found accession 
INFO: Scan for 2g9t chain 'W' returned SwissProt ID Q6VAA1_CVHSA. Found accession 
INFO: Scan for 2g9t chain 'X' returned SwissProt ID Q6VAA1_CVHSA. Found accession 
INFO: Scan for 2g9t chain 'P' returned SwissProt ID Q6VAA1_CVHSA. Found accession 
INFO: Scan for 2g9t chain 'B' returned SwissProt ID Q1EFN3_CVHSA. Found accession 
INFO: Scan for 2g9t chain 'H' returned SwissProt ID Q6VAA1_CVHSA. Found accession 
INFO: Scan for 2g9t chain 'D' returned SwissProt ID Q6VAA1_CVHSA. Found accession 
INFO: Scan for 2g9t chain 'R' returned SwissProt ID Q6VAA1_CVHSA. Found accession 
INFO: Scan for 2g9t chain 'I' returned SwissProt ID Q6VAA1_CVHSA. Found accession 
INFO: Scan for 2g9t chain 'G' returned SwissProt ID Q6VAA1_CVHSA. Found accession 
INFO: Scan for 2g9t chain 'U' returned SwissProt ID Q6RCY8_CVHSA. Found accession 
INFO: Scan for 2ga6 chain 'S' returned SwissProt ID Q6VAA1_CVHSA. Found accession 
INFO: Scan for 2ga6 chain 'F' returned SwissProt ID Q6RD65_CVHSA. Found accession 
INFO: Scan for 2ga6 chain 'T' returned SwissProt ID Q6VAA1_CVHSA. Found accession 
INFO: Scan for 2ga6 chain 'N' returned SwissProt ID Q1EFN3_CVHSA. Found accession 
INFO: Scan for 2ga6 chain 'K' returned SwissProt ID Q6VAA1_CVHSA. Found accession 
INFO: Scan for 2ga6 chain 'E' returned SwissProt ID Q6VAA1_CVHSA. Found accession 
INFO: Scan for 2ga6 chain 'V' returned SwissProt ID Q6VAA1_CVHSA. Found accession 
INFO: Scan for 2ga6 chain 'Q' returned SwissProt ID Q6VAA1_CVHSA. Found accession 
INFO: Scan for 2ga6 chain 'M' returned SwissProt ID Q6VAA1_CVHSA. Found accession 
INFO: Scan for 2ga6 chain 'C' returned SwissProt ID Q6VAA1_CVHSA. Found accession 
INFO: Scan for 2ga6 chain 'L' returned SwissProt ID Q6VAA1_CVHSA. Found accession 
INFO: Scan for 2ga6 chain 'A' returned SwissProt ID Q6VAA1_CVHSA. Found accession 
INFO: Scan for 2ga6 chain 'O' returned SwissProt ID Q6VAA1_CVHSA. Found accession 
INFO: Scan for 2ga6 chain 'J' returned SwissProt ID Q6VAA1_CVHSA. Found accession 
INFO: Scan for 2ga6 chain 'W' returned SwissProt ID Q6VAA1_CVHSA. Found accession 
INFO: Scan for 2ga6 chain 'X' returned SwissProt ID Q6VAA1_CVHSA. Found accession 
INFO: Scan for 2ga6 chain 'P' returned SwissProt ID Q6VAA1_CVHSA. Found accession 
INFO: Scan for 2ga6 chain 'B' returned SwissProt ID Q1EFN3_CVHSA. Found accession 
INFO: Scan for 2ga6 chain 'H' returned SwissProt ID Q6VAA1_CVHSA. Found accession 
INFO: Scan for 2ga6 chain 'D' returned SwissProt ID Q6VAA1_CVHSA. Found accession 
INFO: Scan for 2ga6 chain 'R' returned SwissProt ID Q6RCW6_CVHSA. Found accession 
INFO: Scan for 2ga6 chain 'I' returned SwissProt ID Q6VAA1_CVHSA. Found accession 
INFO: Scan for 2ga6 chain 'G' returned SwissProt ID Q6VAA1_CVHSA. Found accession 
INFO: Scan for 2ga6 chain 'U' returned SwissProt ID Q6VAA1_CVHSA. Found accession 
INFO: Scan for 2flu chain 'X' returned SwissProt ID Q5R774_PONPY. Found accession 
INFO: Scan for 2dkn chain 'A' returned SwissProt ID Q59718_PSESP. Found accession 
INFO: Scan for 2d5j chain 'A' returned SwissProt ID UGL_BACGL. Found accession 
INFO: Scan for 2d5j chain 'B' returned SwissProt ID UGL_BACGL. Found accession 
INFO: Scan for 2d1g chain 'A' returned SwissProt ID Q2A5P7_FRATH. Found accession 
INFO: Scan for 2d1g chain 'B' returned SwissProt ID Q2A5P7_FRATH. Found accession 
INFO: Scan for 2cqz chain 'F' returned SwissProt ID O58085_PYRHO. Found accession 
INFO: Scan for 2cqz chain 'E' returned SwissProt ID O58085_PYRHO. Found accession 
INFO: Scan for 2cqz chain 'C' returned SwissProt ID O58085_PYRHO. Found accession 
INFO: Scan for 2cqz chain 'A' returned SwissProt ID O58085_PYRHO. Found accession 
INFO: Scan for 2cqz chain 'B' returned SwissProt ID O58085_PYRHO. Found accession 
INFO: Scan for 2cqz chain 'D' returned SwissProt ID O58085_PYRHO. Found accession 
INFO: Scan for 2cuk chain 'C' returned SwissProt ID Q5SMG6_THET8. Found accession 
INFO: Scan for 2cuk chain 'A' returned SwissProt ID Q5SMG6_THET8. Found accession 
INFO: Scan for 2cuk chain 'B' returned SwissProt ID Q5SMG6_THET8. Found accession 
INFO: Scan for 2cuk chain 'D' returned SwissProt ID Q5SMG6_THET8. Found accession 
INFO: Scan for 2awy chain 'A' returned SwissProt ID Q9REU3_DESVU. Found accession 
INFO: Scan for 2awy chain 'B' returned SwissProt ID Q9REU3_DESVU. Found accession 
INFO: Scan for 2awc chain 'A' returned SwissProt ID Q9REU3_DESVU. Found accession 
INFO: Scan for 2ahf chain 'A' returned SwissProt ID UGL_BACGL. Found accession 
INFO: Scan for 2ahf chain 'B' returned SwissProt ID UGL_BACGL. Found accession 
INFO: Scan for 2ahg chain 'A' returned SwissProt ID UGL_BACGL. Found accession 
INFO: Scan for 2ahg chain 'B' returned SwissProt ID UGL_BACGL. Found accession 
INFO: Scan for 2dec chain 'A' returned SwissProt ID O58246_PYRHO. Found accession 
INFO: Scan for 2dec chain 'B' returned SwissProt ID O58246_PYRHO. Found accession 
INFO: Scan for 2d0w chain 'A' returned SwissProt ID Q4AE24_9RHIZ. Found accession 
INFO: Scan for 2d0w chain 'B' returned SwissProt ID Q4AE24_9RHIZ. Found accession 
INFO: Scan for 2d0v chain 'E' returned SwissProt ID Q4AE23_9RHIZ. Found accession 
INFO: Scan for 2d0v chain 'A' returned SwissProt ID Q4AE26_9RHIZ. Found accession 
INFO: Scan for 2d0v chain 'J' returned SwissProt ID Q4AE23_9RHIZ. Found accession 
INFO: Scan for 2d0v chain 'B' returned SwissProt ID Q4AE23_9RHIZ. Found accession 
INFO: Scan for 2d0v chain 'D' returned SwissProt ID Q4AE26_9RHIZ. Found accession 
INFO: Scan for 2d0v chain 'I' returned SwissProt ID Q4AE26_9RHIZ. Found accession 
INFO: Scan for 2gkc chain 'A' returned SwissProt ID Q8KNF0_MICEC. Found accession 
INFO: Scan for 2gkd chain 'A' returned SwissProt ID Q8KNF0_MICEC. Found accession 
INFO: Scan for 2gxq chain 'A' returned SwissProt ID O07897_THETH. Found accession 
INFO: Scan for 2gxs chain 'A' returned SwissProt ID O07897_THETH. Found accession 
INFO: Scan for 2gxs chain 'B' returned SwissProt ID O07897_THETH. Found accession 
INFO: Scan for 2gxu chain 'A' returned SwissProt ID O07897_THETH. Found accession 
INFO: Scan for 2h5o chain 'A' returned SwissProt ID Q5S3G8_9CNID. Found accession 
INFO: Scan for 2h5o chain 'B' returned SwissProt ID Q5S3G8_9CNID. Found accession 
INFO: Scan for 2h5p chain 'A' returned SwissProt ID Q5S3G8_9CNID. Found accession 
INFO: Scan for 2h5q chain 'A' returned SwissProt ID Q5S3G8_9CNID. Found accession 
INFO: Scan for 2h5r chain 'A' returned SwissProt ID Q5S3G8_9CNID. Found accession 
INFO: Scan for 2gdr chain 'F' returned SwissProt ID Q8GBY1_PSEFL. Found accession 
INFO: Scan for 2gdr chain 'E' returned SwissProt ID Q8GBY1_PSEFL. Found accession 
INFO: Scan for 2gdr chain 'C' returned SwissProt ID Q8GBY1_PSEFL. Found accession 
INFO: Scan for 2gdr chain 'A' returned SwissProt ID Q8GBY1_PSEFL. Found accession 
INFO: Scan for 2gdr chain 'B' returned SwissProt ID Q8GBY1_PSEFL. Found accession 
INFO: Scan for 2gdr chain 'D' returned SwissProt ID Q8GBY1_PSEFL. Found accession 
INFO: Scan for 2fin chain 'A' returned SwissProt ID O10647_9POXV. Found accession 
INFO: Scan for 2f9t chain 'A' returned SwissProt ID Q9HWC1_PSEAE. Found accession 
INFO: Scan for 2f9t chain 'B' returned SwissProt ID Q9HWC1_PSEAE. Found accession 
INFO: Scan for 2f9w chain 'A' returned SwissProt ID Q9HWC1_PSEAE. Found accession 
INFO: Scan for 2f9w chain 'B' returned SwissProt ID Q9HWC1_PSEAE. Found accession 
INFO: Scan for 2fc2 chain 'A' returned SwissProt ID NOSO_BACSU. Found accession 
INFO: Scan for 2fc2 chain 'B' returned SwissProt ID NOSO_BACSU. Found accession 
INFO: Scan for 2ffk chain 'A' returned SwissProt ID O10647_9POXV. Found accession 
INFO: Scan for 2dsa chain 'C' returned SwissProt ID Q8GBY1_PSEFL. Found accession 
INFO: Scan for 2dsa chain 'A' returned SwissProt ID Q8GBY1_PSEFL. Found accession 
INFO: Scan for 2dsa chain 'B' returned SwissProt ID Q8GBY1_PSEFL. Found accession 
INFO: Scan for 2dsa chain 'D' returned SwissProt ID Q8GBY1_PSEFL. Found accession 
INFO: Scan for 2akk chain 'A' returned SwissProt ID Q6N1A7_RHOPA. Found accession 
INFO: Scan for 2adl chain 'A' returned SwissProt ID Q9S0Z5_ECOLI. Found accession 
INFO: Scan for 2adl chain 'B' returned SwissProt ID Q9S0Z5_ECOLI. Found accession 
INFO: Scan for 2adn chain 'A' returned SwissProt ID Q9S0Z5_ECOLI. Found accession 
INFO: Scan for 2adn chain 'B' returned SwissProt ID Q9S0Z5_ECOLI. Found accession 
INFO: Scan for 2deq chain 'A' returned SwissProt ID O57883_PYRHO. Found accession 
INFO: Scan for 2deq chain 'B' returned SwissProt ID O57883_PYRHO. Found accession 
INFO: Scan for 2glo chain 'A' returned SwissProt ID Q9XTN4_DROME. Found accession 
INFO: Scan for 2glx chain 'F' returned SwissProt ID Q2I8V6_9RHIZ. Found accession 
INFO: Scan for 2glx chain 'A' returned SwissProt ID Q2I8V6_9RHIZ. Found accession 
INFO: Scan for 2glx chain 'D' returned SwissProt ID Q2I8V6_9RHIZ. Found accession 
INFO: Scan for 2glx chain 'C' returned SwissProt ID Q2I8V6_9RHIZ. Found accession 
INFO: Scan for 2glx chain 'E' returned SwissProt ID Q2I8V6_9RHIZ. Found accession 
INFO: Scan for 2glx chain 'B' returned SwissProt ID Q2I8V6_9RHIZ. Found accession 
INFO: Scan for 2gwl chain 'A' returned SwissProt ID P74846_SALTY. Found accession 
INFO: Scan for 2gwm chain 'A' returned SwissProt ID VRP2_SALCH. Found accession 
INFO: Scan for 2fb9 chain 'A' returned SwissProt ID Q5SHZ3_THET8. Found accession 
INFO: Scan for 2fbz chain 'X' returned SwissProt ID NOSO_BACSU. Found accession 
INFO: Scan for 2asw chain 'A' returned SwissProt ID O28769_ARCFU. Found accession 
INFO: Scan for 2asw chain 'B' returned SwissProt ID O28769_ARCFU. Found accession 
INFO: Scan for 2asx chain 'A' returned SwissProt ID O28769_ARCFU. Found accession 
INFO: Scan for 2asx chain 'B' returned SwissProt ID O28769_ARCFU. Found accession 
INFO: Scan for 2an0 chain 'A' returned SwissProt ID NOSO_BACSU. Found accession 
INFO: Scan for 2an2 chain 'A' returned SwissProt ID NOSO_BACSU. Found accession 
INFO: Scan for 2ac1 chain 'A' returned SwissProt ID Q43866_ARATH. Found accession 
INFO: Scan for 2add chain 'A' returned SwissProt ID Q93X60_CICIN. Found accession 
INFO: Scan for 2ade chain 'A' returned SwissProt ID Q93X60_CICIN. Found accession 
INFO: Scan for 2aey chain 'A' returned SwissProt ID Q93X60_CICIN. Found accession 
INFO: Scan for 2aez chain 'A' returned SwissProt ID Q93X60_CICIN. Found accession 
INFO: Scan for 2df8 chain 'A' returned SwissProt ID O58246_PYRHO. Found accession 
INFO: Scan for 2df8 chain 'B' returned SwissProt ID O58246_PYRHO. Found accession 
