 pdb  | chain 
------+-------
 2dtt | D
 2dtt | E
 2dtt | F
 2o9j | A
 2jc7 | A
 2fmy | A
 2fmy | D
 2fmy | C
 2fmy | B
 2o4c | A
 2o4c | B
 2oe7 | X
 2oe9 | X
 2jbs | A
 2jbs | B
 2jbs | C
 2jbs | D
 2jbt | A
 2jbt | B
 2jbt | C
 2jbt | D
 2e7f | A
 2e7f | B
 2obp | A
 2obp | B
 2oc6 | A
 2oc6 | B
 2ihs | C
 2ihs | D
 2ihx | A
 2imw | P
 2inn | A
 2inn | B
 2inn | D
 2inn | E
 2inn | F
 2inn | L
 2g3x | A
 2g3x | B
 2g3z | A
 2fle | A
 2fle | B
 2fm6 | A
 2fm6 | B
 2fma | A
 2i1p | A
 2fn8 | A
 2fn9 | A
 2e1p | A
 2e2n | A
 2e2n | B
 2e2o | A
 2e2p | A
 2e2p | B
 2e2q | A
 2e2q | B
 2e6l | A
 2e6m | A
 2ob7 | C
 2och | A
 2ocz | A
 2od0 | A
 2od0 | B
 2oje | B
 2oje | F
 2oje | D
 2oje | H
 2ojl | A
 2ojl | B
 2isa | B
 2isa | C
 2ieh | B
 2htj | A
 2imt | A
 2hlb | A
 2flr | H
 2fn7 | A
 2fn7 | B
 2fnz | A
 2fnz | B
 2fpt | A
 2fpv | A
 2fpy | A
 2fqi | A
 2dyb | A
 2dqc | Y
 2dqd | Y
 2dqe | Y
 2dqf | C
 2dqf | F
 2dqg | Y
 2dqh | Y
 2dqi | Y
 2dcw | A
 2hr8 | A
 2hr8 | B
 2nvv | A
 2nvv | B
 2nvv | C
 2nvv | D
 2nvv | E
 2nvv | F
 2nwt | A
 2nwt | B
 2o09 | A
 2o09 | B
 2o0c | A
 2o0c | B
 2o0g | A
 2o0g | B
 2o4d | A
 2o4j | C
 2o4r | C
 2o71 | A
 2oby | E
 2oc3 | A
 2ocd | A
 2ocd | B
 2ocd | C
 2ocd | D
 2oer | B
 2oez | A
 2oez | B
 2of7 | A
 2ogk | A
 2ogk | B
 2ogk | C
 2ogk | D
 2oik | A
 2oik | B
 2oik | C
 2oik | D
 2oj2 | A
 2oj4 | A
 2ojd | A
 2ojd | B
 2ojv | A
 2okc | A
 2okc | B
 2j4g | A
 2j4g | B
 2j4w | L
 2j4w | D
 2j5l | B
 2j5l | A
 2jae | A
 2jae | B
 2idc | A
 2ief | C
 2fqd | A
 2fqe | A
 2fqf | A
 2fqg | A
 2ftd | A
 2ftd | B
 2fu6 | A
 2fu6 | B
 2nlw | A
 2nrr | A
 2nrt | A
 2nrv | A
 2nrv | B
 2nrw | A
 2nrx | A
 2nrx | B
 2ny1 | C
 2ny1 | B
 2ny2 | C
 2ny2 | B
 2ny3 | C
 2ny3 | B
 2ny4 | C
 2ny4 | B
 2ny5 | L
 2ny5 | C
 2ny6 | C
 2ny6 | B
 2jmg | A
 2jna | A
 2gc7 | L
 2gc7 | P
 2gd8 | A
 2gf3 | A
 2gf3 | B
 2gh9 | A
 2gha | A
 2gha | B
 2ghb | C
 2ghb | A
 2ghb | B
 2gjz | L
 2o6v | E
 2o6v | C
 2o6v | G
 2o6v | B
 2o6v | F
 2o6v | D
 2o6v | H
 2o7p | A
 2o7p | B
 2o9d | A
 2o9d | B
 2o9e | A
 2jc0 | B
 2jc1 | A
 2jc1 | B
 2oh1 | A
 2oh1 | B
 2oh1 | C
 2oh1 | D
 2oi8 | A
 2opk | C
 2opk | D
 2opl | A
 2opl | B
 2j2i | B
 2j3p | A
 2j3p | B
 2dv6 | B
 2dv6 | C
 2it0 | B
 2it0 | C
 2it0 | D
 2ivw | A
 2icq | A
 2iem | A
 2if9 | A
 2if9 | B
 2ik6 | B
 2ik7 | A
 2ik7 | B
 2ik9 | A
 2ik9 | B
 2gci | C
 2gci | A
 2gci | B
 2gci | D
 2hig | A
 2fss | D
 2fjj | A
 2e4g | A
 2e4g | B
 2e8d | A
 2e8d | B
 2e8d | C
 2e8d | D
 2gd0 | C
 2gd0 | A
 2ddg | A
 2ddz | F
 2ddz | E
 2ddz | C
 2ddz | A
 2ddz | B
 2ddz | D
 2cej | A
 2cej | B
 2cem | A
 2cem | B
 2o9u | X
 2o9u | X
 2ojq | A
 2okn | A
 2okn | B
 2oku | A
 2oku | B
 2ols | A
 2ont | A
 2ood | A
 2oof | A
 2ooq | A
 2ooq | B
 2opj | A
 2opx | A
 2opy | A
 2jdq | A
 2jdq | B
 2jdq | D
 2jdq | E
 2jf9 | A
 2ja6 | G
 2ja6 | I
 2ja6 | J
 2ja6 | K
 2ja6 | L
 2ja8 | A
 2ja8 | C
 2ja8 | E
 2ja8 | F
 2ij0 | A
 2ij0 | B
 2ikf | A
 2ikf | B
 2g4l | A
 2ioc | B
 2i0l | A
 2i0l | B
 2hm8 | A
 2hvj | C
 2hvk | C
 2hi4 | A
 2gpe | A
 2gpe | B
 2g4q | A
 2g4r | C
 2g4r | A
 2g4r | B
 2g4s | A
 2g4t | A
 2g4u | A
 2g4v | A
 2g4w | A
 2g4w | B
 2g4x | A
 2g4y | A
 2g4z | A
 2g51 | A
 2g52 | A
 2g55 | A
 2e7s | S
 2e7s | T
 2d73 | A
 2d73 | B
 2fph | X
 2fxe | A
 2fxe | B
 2fyh | A
 2dwd | C
 2c95 | A
 2c95 | B
 2nw3 | C
 2nw3 | A
 2nw3 | B
 2nx5 | I
 2nx5 | A
 2nx5 | F
 2nx5 | K
 2nx5 | Q
 2nx5 | B
 2nx5 | G
 2nx5 | L
 2nx5 | R
 2nzg | M
 2nzg | H
 2o0r | A
 2o0r | B
 2of2 | A
 2of4 | A
 2ofu | A
 2ofv | B
 2og8 | B
 2ot1 | B
 2ot1 | C
 2ot1 | D
 2oth | A
 2jnu | A
 2j4k | F
 2jfl | A
 2jfm | A
 2jg5 | A
 2jg5 | B
 2j9f | A
 2j9f | B
 2j9f | C
 2j9f | D
 2j4l | A
 2j4l | B
 2j4l | D
 2j4l | E
 2j4l | F
 2j4l | G
 2ic6 | B
 2ic9 | A
 2ic9 | B
 2ifd | A
 2ifv | A
 2ilr | A
 2ec2 | F
 2ecb | A
 2c8c | C
 2c8c | D
 2dx6 | B
 2os2 | A
 2ohk | A
 2og4 | A
 2odc | I
 2odg | A
 2odg | B
 2odg | C
 2idu | A
 2idt | A
 2i6i | A
 2ids | A
 2glm | F
 2glm | C
 2glm | A
 2go2 | A
 2gll | E
 2gll | B
 2gll | D
 2gll | F
 2gll | C
 2gll | A
 2glp | E
 2glp | B
 2glp | D
 2glp | F
 2glp | C
 2glp | A
 2gs9 | B
 2gs9 | A
 2gle | A
 2gkg | A
 2glv | K
 2glv | E
 2glv | J
 2glv | B
 2glv | H
 2glv | D
 2dvw | A
 2dvw | B
 2du7 | A
 2du7 | B
 2du7 | C
 2du7 | D
 2onk | D
 2onk | H
 2onk | I
 2onk | E
 2onk | J
 2oxw | A
 2e4a | A
 2e4a | B
 2e4a | C
 2e4a | D
 2onm | K
 2onm | L
 2oqy | H
 2ogz | A
 2ogz | B
 2ovv | A
 2ovy | A
 2owz | A
 2oy2 | F
 2og7 | A
 2oy4 | A
 2oy4 | F
 2i3e | A
 2i26 | N
 2fxg | A
 2g5o | A
 2g5o | B
 2g5o | C
 2jgx | A
 2g4f | A
 2g4f | B
 2g3v | B
 2g3v | D
 2g3v | C
 2g3v | A
 2g3j | A
 2g7m | E
 2g7m | Y
 2g7m | Z
 2efx | A
 2efx | B
 2efx | C
 2efx | D
 2efx | E
 2df5 | A
 2df5 | B
 2df5 | C
 2df5 | D
 2dfe | A
 2dff | A
 2oem | A
 2oem | B
 2oh0 | I
 2oh0 | E
 2ouq | A
 2ouq | B
 2our | A
 2our | B
 2ous | A
 2ous | B
 2ozj | B
 2p0g | A
 2p0g | B
 2p0g | C
 2hdb | A
 2hdb | B
 2icw | F
 2icw | C
 2icw | A
 2icw | D
 2icw | B
 2icw | E
 2icw | G
 2icw | H
 2icw | I
 2icw | K
 2ii9 | D
 2gde | L
 2gde | H
 2e32 | A
 2e32 | C
 2e33 | A
 2e33 | B
 2e39 | A
 2e3a | A
 2e3b | A
 2e3z | A
 2e3z | B
 2dh0 | B
 2dh0 | A
 2e31 | A
 2p0h | A
 2p0f | A
 2p0a | A
 2p0a | B
 2p06 | A
 2p5s | A
 2p5s | B
 2p5i | A
 2p57 | A
 2p4w | A
 2p4w | B
 2hx1 | A
 2hx1 | B
 2hx1 | D
 2hx1 | C
 2b4f | A
 2ews | B
 2gvx | A
 2gy9 | F
 2gyb | F
 2f7v | A
 2f8h | A
 2dc2 | A
 2gsc | C
 2gsc | D
 2d2x | A
 2d2x | B
 2dit | A
 2gy9 | J
 2gya | T
 2gya | K
 2gya | C
 2gyb | J
 2gyc | T
 2gyc | K
 2gyc | C
 2il1 | A
 2ib5 | F
 2ib5 | A
 2ib5 | E
 2ib5 | B
 2ib5 | H
 2ib5 | D
 2ib5 | C
 2ib5 | G
 2ib6 | F
 2ib6 | A
 2ib6 | E
 2ib6 | B
 2ib6 | H
 2ib6 | D
 2ib6 | C
 2ib6 | G
 2i5y | Q
 2i5y | L
 2i60 | Q
 2i60 | L
 2gju | A
 2gju | B
 2gju | D
 2gju | C
 2d12 | A
 2d12 | B
 2d1z | A
 2d1z | B
 2d20 | A
 2d20 | B
 2d22 | A
 2d22 | B
 2d23 | A
 2d23 | B
 2d24 | A
 2d24 | B
 2cxy | A
 2ao3 | A
 2ao3 | B
 2djz | A
 2djz | B
 2djp | A
 2djq | A
 2djt | A
 2i2j | A
 2fhs | A
 2fhs | B
 2d5k | C
 2d5k | A
 2d5k | B
 2d5k | D
 2d5w | A
 2d5w | B
 2d49 | A
 2gqb | A
 2f0q | A
 2f0s | A
 2dmw | A
 2d3m | B
 2gqh | A
 2cmr | L
 2iks | B
 2fel | K
 2fel | E
 2fel | J
 2fel | H
 2fel | D
 2fel | I
 2fel | G
 2fel | C
 2fel | L
 2fel | A
 2fen | K
 2fen | E
 2fen | J
 2fen | G
 2fen | F
 2fen | C
 2fen | L
 2fen | B
 2fen | H
 2fen | A
 2d6y | A
 2d16 | B
 2d16 | D
 2gu9 | B
 2hff | L
 2dou | B
 2gww | B
 2fic | A
 2fjt | B
 2fat | L
 2f5k | E
 2f5k | D
 2f5k | F
 2f5k | C
 2f5k | A
 2d51 | B
 2d52 | B
 2d5f | A
 2d5h | B
 2d5h | D
 2d5h | F
 2d5h | C
 2d5h | A
 1zuz | B
 2j37 | S
 2j37 | 6
 2j28 | 7
 2hwn | E
 2h3x | E
 2h3x | B
 2h47 | E
 2h47 | B
 2h47 | D
 2h47 | I
 2h47 | F
 2h47 | A
 2gqg | B
 2flh | B
 2flh | D
 2flh | C
 2flh | A
 2flz | B
 2flz | C
 2exx | B
 2f07 | B
 2bx5 | N
 2bx5 | K
 2bx5 | E
 2bx5 | J
 2bx5 | B
 2bx5 | H
 2bx5 | D
 2bx5 | I
 2bx5 | G
 2bx5 | F
 2bx5 | M
 2bx5 | C
 2bx5 | L
 2bx5 | A
 2bx5 | O
 2hlq | A
 2gmg | A
 2gc4 | E
 2gc4 | I
 2gc4 | M
 2gc4 | A
 2fdu | B
 2fdu | D
 2fdu | C
 2fdu | A
 2fdv | B
 2fdv | D
 2fdv | C
 2fdv | A
 2fdw | B
 2fdw | D
 2fdw | C
 2fdw | A
 2fdy | B
 2fdy | D
 2fdy | C
 2fdy | A
 2f48 | B
 2f48 | A
 2j37 | 4
 2glw | A
 2g2r | L
 2g2r | A
 2g46 | C
 2g46 | A
 2g46 | B
 2g46 | D
 2fe0 | A
 2f3c | I
 2f7l | A
 2f7l | B
 2f9i | C
 2f9i | A
 2f9i | B
 2f9i | D
 2f18 | A
 2f1a | A
 2f1b | A
 2dkf | C
 2dkf | A
 2dkf | B
 2dkf | D
 2doh | C
 2de5 | F
 2de5 | E
 2de5 | C
 2de5 | A
 2de5 | B
 2de5 | D
 2de6 | F
 2de6 | E
 2de6 | C
 2de6 | A
 2de6 | B
 2de6 | D
 2de7 | F
 2de7 | E
 2de7 | C
 2de7 | A
 2de7 | B
 2de7 | D
 2dfj | A
 2dfj | B
 2nm1 | B
 2nyl | F
 2nyl | C
 2o1z | A
 2o1z | B
 2hvh | A
 2hvh | D
 2hvi | A
 2hvi | D
 2hw3 | A
 2hhq | A
 2hhs | A
 2hht | A
 2hhu | A
 2hhv | A
 2hhw | A
 2hhw | D
 2hhx | A
 2f7q | A
 2f7r | A
 2f9y | A
 2ewd | A
 2ewd | B
 2exd | A
 2dg0 | F
 2dg0 | K
 2dg0 | E
 2dg0 | C
 2dg0 | L
 2dg0 | A
 2dg0 | J
 2dg0 | B
 2dg0 | H
 2dg0 | D
 2dg0 | I
 2dg0 | G
 2dg1 | F
 2dg1 | E
 2dg1 | C
 2dg1 | A
 2dg1 | B
 2dg1 | D
 2i1k | A
 2gqt | A
 2gqu | A
 2fx7 | L
 2fx8 | N
 2fx8 | M
 2fx8 | L
 2fx8 | O
 2fx9 | M
 2fx9 | L
 2ddi | A
 2ddj | A
 2o86 | A
 2fyv | A
 2g1e | A
 2bc6 | C
 2bc6 | A
 2bc6 | B
 2gpf | A
 2fhd | C
 2fhd | A
 2fhd | B
 2dat | A
 2dc0 | A
 2dc0 | B
 2hps | A
 2fqh | A
 2frm | C
 2frm | A
 2frm | B
 2frm | D
 2fv2 | C
 2fv2 | A
 2fv2 | B
 2fv2 | D
 2flf | F
 2flf | E
 2flf | C
 2flf | A
 2flf | B
 2flf | H
 2flf | D
 2flf | G
 2f9v | C
 2f9v | A
 2f9v | D
 2dcf | A
 2fk5 | A
 2fk5 | B
 2ac7 | A
 2amz | A
 2dtt | A
 2dtt | B
 2dtt | C
 2oea | X
 2ijd | 1
 2ijd | 2
 2ijf | A
 2o9x | A
 2nvu | A
 2nvu | B
 2nvu | C
 2nvu | I
 2nvu | J
 2jbr | A
 2jbr | B
 2jbr | C
 2jbr | D
 2nz4 | A
 2nz4 | B
 2nz4 | C
 2nz4 | D
 2iej | A
 2iej | B
 2o25 | A
 2o25 | B
 2o25 | C
 2o25 | D
 2o6y | A
 2o6y | B
 2o6y | C
 2o6y | D
 2o6y | E
 2o6y | F
 2o6y | G
 2o6y | H
 2o78 | A
 2o78 | B
 2o78 | C
 2o78 | D
 2o78 | E
 2o78 | F
 2o78 | G
 2o78 | H
 2o7b | A
 2o7b | B
 2o7b | C
 2o7b | D
 2o7b | E
 2o7b | F
 2o7b | G
 2o7b | H
 2o7d | A
 2o7d | B
 2o7d | C
 2o7d | D
 2o7d | E
 2o7d | F
 2o7d | G
 2o7d | H
 2o7e | A
 2o7e | B
 2o7e | C
 2o7e | D
 2o7e | E
 2o7e | F
 2o7e | G
 2o7e | H
 2o7f | A
 2o7f | B
 2o7f | C
 2o7f | D
 2o7f | E
 2o7f | F
 2o7f | G
 2o7f | H
 2o8j | A
 2o8j | B
 2o8j | C
 2o8j | D
 2odp | A
 2oa2 | A
 2ob5 | A
 2obb | A
 2obn | A
 2obn | B
 2obn | C
 2obn | D
 2ocs | A
 2ofp | A
 2ofp | B
 2ofy | A
 2ofy | B
 2og1 | A
 2og1 | B
 2ogb | A
 2ogb | B
 2ogf | A
 2ogf | B
 2ogf | C
 2ogf | D
 2ogi | A
 2ogi | B
 2nqm | B
 2nqn | A
 2nqn | B
 2nqq | A
 2nqq | B
 2nqq | C
 2nqq | D
 2nqr | A
 2nqr | B
 2nqs | A
 2nqs | B
 2nqu | A
 2nqu | B
 2nqv | A
 2nqv | B
 2nro | A
 2nro | B
 2nrp | A
 2nrp | B
 2nrs | A
 2nrs | B
 2j2m | A
 2j2m | B
 2j2m | D
 2j2m | C
 2j5g | A
 2j5g | B
 2j5g | C
 2j5g | D
 2j5g | E
 2j5g | F
 2j5g | G
 2j5g | H
 2j5g | I
 2j5g | J
 2j5g | K
 2j5g | L
 2j9c | A
 2j9c | B
 2j9c | C
 2j9d | C
 2j9d | E
 2j9d | F
 2j9d | I
 2j9d | J
 2j9d | L
 2j9e | A
 2j9e | B
 2j9e | C
 2p0k | A
 2jd9 | A
 2jda | A
 2jda | B
 2nmv | A
 2nmv | B
 2noy | A
 2noy | B
 2nqk | A
 2nqk | B
 2ihs | A
 2ihs | B
 2inp | A
 2inp | B
 2inp | C
 2inp | D
 2inp | E
 2inp | F
 2inp | L
 2hyy | A
 2hyy | B
 2hyy | C
 2hyy | D
 2hz0 | A
 2hz4 | A
 2hz4 | B
 2hz4 | C
 2hzi | A
 2hzi | B
 2hk6 | A
 2hrf | A
 2hrn | A
 2h1v | A
 2h1w | A
 2g3z | B
 2g4e | A
 2g4e | B
 2g4g | A
 2g4g | B
 2g6z | A
 2g6z | B
 2g6z | C
 2g9l | A
 2g9q | A
 2g9r | A
 2g9u | A
 2g9v | A
 2gbz | A
 2fyf | A
 2fyf | B
 2fvc | A
 2fvc | B
 2fk1 | A
 2fk2 | A
 2fk3 | A
 2fk3 | B
 2fk3 | C
 2fk3 | D
 2fk3 | E
 2fk3 | F
 2fk3 | G
 2fk3 | H
 2fkl | A
 2fkl | B
 2fko | A
 2fn9 | B
 2fnc | A
 2foi | A
 2foi | B
 2foi | D
 2foi | C
 2fr7 | A
 2frz | A
 2frz | B
 2fsf | A
 2fsf | B
 2fsg | A
 2fsh | A
 2fsh | B
 2fsi | A
 2fsi | B
 2fd7 | A
 2fd9 | A
 2fjz | A
 2f03 | A
 2f03 | C
 2e0k | A
 2e0k | B
 2e0n | A
 2e0n | B
 2dm9 | A
 2dm9 | B
 2dma | A
 2dep | A
 2dep | B
 2dft | A
 2dft | B
 2dft | C
 2dft | D
 2dfv | A
 2dfv | B
 2dfv | C
 2c9i | A
 2c9i | B
 2c9i | C
 2c9i | D
 2c9i | E
 2c9i | F
 2c9i | G
 2c9i | H
 2nzw | A
 2nzw | B
 2nzw | C
 2hni | A
 2hni | B
 2dto | A
 2dto | B
 2dtc | A
 2dtc | B
 2dth | A
 2dth | B
 2dti | A
 2dti | B
 2j5s | A
 2j5s | B
 2nzx | A
 2nzx | B
 2nzx | C
 2nzy | A
 2nzy | B
 2nzy | C
 2o1p | A
 2o1p | B
 2o1q | A
 2o1q | B
 2o36 | A
 2o3e | A
 2o7u | B
 2o7u | A
 2o7u | C
 2o7u | D
 2o7u | E
 2o7u | F
 2o7u | G
 2o7u | H
 2o7u | I
 2o84 | X
 2oac | A
 2oac | B
 2oad | A
 2oad | B
 2oas | A
 2oas | B
 2ob7 | B
 2odf | A
 2odf | B
 2odf | C
 2odf | D
 2odf | E
 2odf | F
 2odf | G
 2odf | H
 2odk | A
 2odk | B
 2odk | C
 2odk | D
 2ofq | A
 2ofq | B
 2ogy | A
 2ogy | B
 2oh3 | A
 2oh8 | A
 2oh9 | A
 2oha | A
 2ohb | A
 2ohw | A
 2ohw | B
 2oil | A
 2oje | C
 2oje | G
 2oje | A
 2oje | E
 2oka | A
 2oka | B
 2oka | C
 2oka | D
 2j3u | A
 2j3u | B
 2j3u | C
 2j3u | D
 2j3u | E
 2j3u | F
 2j55 | A
 2j55 | B
 2j55 | H
 2j55 | J
 2j55 | L
 2j55 | M
 2j56 | A
 2j56 | B
 2j56 | H
 2j56 | J
 2j56 | L
 2j56 | M
 2j57 | A
 2j57 | B
 2j57 | C
 2j57 | D
 2j57 | G
 2j57 | H
 2j57 | I
 2j57 | J
 2j57 | K
 2j57 | L
 2j57 | M
 2j57 | N
 2j5z | A
 2j5z | B
 2j5z | C
 2j60 | A
 2j60 | B
 2j60 | C
 2j61 | A
 2j61 | B
 2j64 | A
 2j64 | B
 2j64 | C
 2j8s | A
 2j8s | B
 2j8s | C
 2j96 | A
 2j96 | B
 2j9r | A
 2j9u | A
 2j9u | B
 2j9u | C
 2j9u | D
 2j9v | A
 2j9w | A
 2j9w | B
 2ja1 | A
 2obl | A
 2ntj | A
 2ntj | B
 2ntv | A
 2ntv | B
 2jbz | A
 2jc3 | A
 2jc3 | B
 2jc3 | C
 2jc3 | D
 2jc3 | E
 2jc3 | F
 2jc3 | G
 2jc3 | H
 2je6 | A
 2je6 | B
 2je6 | I
 2jn4 | A
 2nmm | A
 2nmm | B
 2noo | A
 2nty | A
 2nty | B
 2nty | C
 2nty | D
 2ipi | A
 2ipi | B
 2ipi | C
 2ipi | D
 2irw | A
 2irw | B
 2irw | C
 2irw | D
 2irw | E
 2irw | F
 2irw | G
 2irw | H
 2isa | A
 2isa | D
 2isa | E
 2isa | F
 2isa | G
 2isa | H
 2iyo | A
 2iyp | A
 2iyp | B
 2iyp | C
 2iz0 | A
 2iz0 | B
 2iz0 | C
 2iz1 | A
 2iz1 | B
 2iz1 | C
 2odq | A
 2j0g | A
 2j0g | B
 2j0g | C
 2j0g | D
 2j0g | E
 2j0g | F
 2j0h | A
 2j0h | B
 2j0h | C
 2j0h | D
 2j0h | E
 2j0h | F
 2j0y | B
 2j0y | C
 2j0y | D
 2j0y | E
 2j0y | F
 2j1g | A
 2j1g | B
 2j1g | C
 2j1g | D
 2j1g | E
 2j1g | F
 2j2p | A
 2j2p | B
 2j2p | C
 2j2p | D
 2j2p | E
 2j2p | F
 2j3f | A
 2j3f | B
 2j3f | C
 2j3f | D
 2j3f | E
 2j3f | F
 2j3g | A
 2j3g | B
 2j3g | C
 2j3g | D
 2j3g | E
 2j3g | F
 2j3o | A
 2j3o | B
 2j3o | C
 2j3o | D
 2j3o | E
 2j3o | F
 2i8b | A
 2i8b | B
 2ieh | A
 2hm1 | A
 2hta | A
 2hta | B
 2htb | A
 2htb | B
 2htb | C
 2htb | D
 2hwv | A
 2hhp | A
 2hiz | A
 2hiz | B
 2hiz | C
 2h4e | A
 2h4e | B
 2gvf | A
 2gvf | D
 2gvf | C
 2gop | A
 2gop | B
 2gbl | A
 2gbl | B
 2gbl | E
 2gbl | F
 2gbl | C
 2gbl | D
 2flr | L
 2e4o | A
 2e4o | B
 2e4o | C
 2e4o | D
 2e6u | X
 2dd7 | A
 2dd7 | B
 2dd9 | A
 2dd9 | B
 2dd9 | D
 2dd9 | C
 2dfl | A
 2dfx | E
 2dfx | I
 2djh | A
 2dqb | A
 2dqb | B
 2dqb | C
 2dqb | D
 2dqb | E
 2dqb | F
 2dqj | Y
 2dcv | A
 2o9i | D
 2o9i | C
 2o9i | A
 2o9i | B
 2oa5 | B
 2oa6 | A
 2oa6 | B
 2oa6 | D
 2oa6 | C
 2oa7 | A
 2oa7 | B
 2ob1 | A
 2ob1 | B
 2ob1 | C
 2ob2 | A
 2ob2 | B
 2ob2 | C
 2ob3 | A
 2ob3 | B
 2oba | A
 2oba | B
 2oba | C
 2oba | D
 2oba | E
 2oba | F
 2h9i | A
 2obm | A
 2oby | A
 2oby | B
 2oby | C
 2oby | D
 2odb | A
 2odb | B
 2oe4 | X
 2eaw | A
 2eaw | B
 2iie | A
 2iie | A
 2iie | A
 2oeb | A
 2oed | A
 2oeq | A
 2oeq | B
 2oeq | D
 2oeq | C
 2oer | A
 2okf | A
 2okf | B
 2okg | A
 2okg | B
 2okt | A
 2okv | A
 2okv | B
 2okv | C
 2okv | D
 2olm | A
 2omo | A
 2omo | B
 2omo | C
 2omo | D
 2omo | E
 2omo | F
 2omo | G
 2omo | H
 2jb1 | A
 2jb1 | B
 2jb2 | A
 2jb2 | B
 2jb3 | A
 2jb3 | B
 2jca | A
 2jca | B
 2jca | C
 2jcm | A
 2jcp | A
 2jcq | A
 2jcr | A
 2jek | A
 2jeo | A
 2jer | A
 2jer | B
 2jer | C
 2jer | D
 2jer | F
 2jer | G
 2jer | H
 2jn8 | A
 2oa0 | A
 2obj | A
 2idc | A
 2hx7 | A
 2hx7 | B
 2hx8 | A
 2hx8 | B
 2hx9 | A
 2hx9 | B
 2hxa | A
 2hxa | B
 2ode | A
 2ode | C
 2ode | B
 2ode | D
 2h0t | A
 2h0y | A
 2h10 | A
 2h31 | A
 2h7d | A
 2h7e | A
 2ief | A
 2ief | B
 2fu7 | A
 2fu7 | B
 2fu8 | A
 2fu8 | B
 2fu9 | A
 2fu9 | B
 2e22 | A
 2e24 | A
 2hsx | A
 2e80 | A
 2e81 | A
 2dd4 | A
 2dd4 | D
 2dd4 | G
 2dd4 | J
 2dd4 | B
 2dd4 | E
 2dd4 | H
 2dd4 | K
 2dd4 | C
 2dd4 | F
 2dd4 | I
 2dd4 | L
 2dd5 | A
 2dd5 | D
 2dd5 | G
 2dd5 | J
 2dd5 | B
 2dd5 | E
 2dd5 | H
 2dd5 | K
 2dd5 | C
 2dd5 | F
 2dd5 | I
 2dd5 | L
 2dda | A
 2dda | B
 2dda | C
 2dda | D
 2ddb | A
 2ddb | B
 2ddb | C
 2ddb | D
 2gdt | A
 2c7w | A
 2c7w | B
 1wa4 | A
 2hvb | A
 2hvb | B
 2hvb | C
 2hvb | D
 2dv3 | A
 2dv3 | B
 2dv4 | A
 2dv4 | B
 2dv5 | A
 2dv5 | B
 2dv7 | A
 2dv7 | B
 2huq | A
 2huq | B
 2hut | A
 2hut | B
 2huv | A
 2huv | B
 2hux | A
 2hux | B
 2hun | A
 2hun | B
 2htm | A
 2htm | B
 2htm | C
 2htm | D
 2htm | E
 2htm | F
 2htm | G
 2htm | H
 2dun | A
 2duk | A
 2duk | B
 2dul | A
 2dum | A
 2dum | C
 2dum | D
 2ogs | A
 2ofl | A
 2ofl | B
 2ogg | A
 2ogu | A
 2oit | A
 2ojg | A
 2oji | A
 2ojj | A
 2ok1 | A
 2okq | A
 2okq | B
 2okr | C
 2okr | F
 2ola | A
 2olg | A
 2olt | A
 2olt | B
 2olt | C
 2ome | A
 2ome | B
 2ome | C
 2ome | D
 2ome | E
 2ome | F
 2ome | G
 2ome | H
 2omk | A
 2omk | B
 2onf | A
 2onf | B
 2onu | A
 2oo2 | A
 2oo3 | A
 2oo6 | A
 2oo9 | B
 2oo9 | C
 2ooa | A
 2ooa | B
 2oob | A
 2oob | B
 2oog | A
 2oog | B
 2oog | C
 2oog | D
 2oog | E
 2oog | F
 2ooj | A
 2ooj | B
 2ook | A
 2ook | B
 2oox | A
 2oox | C
 2oox | B
 2oox | D
 2oox | E
 2oox | G
 2ooy | A
 2ooy | B
 2ooy | D
 2ooy | E
 2ooy | G
 2opo | A
 2opo | B
 2opo | D
 2nrz | A
 2nrz | B
 2ns6 | A
 2nub | A
 2num | A
 2nv3 | A
 2nve | A
 2nvf | A
 2nvg | A
 2nxy | C
 2nxy | B
 2nxz | C
 2nxz | B
 2ny0 | C
 2ny0 | B
 2nyn | A
 2nyn | B
 2nyn | C
 2nyn | D
 2nyo | A
 2o0i | 1
 2o1f | A
 2o1g | A
 2o1h | A
 2o5v | A
 2o6p | A
 2o6p | B
 2iwy | A
 2iwy | B
 2iwz | A
 2iwz | B
 2ix4 | A
 2ix4 | B
 2j6j | A
 2j8m | A
 2j8m | B
 2j8n | A
 2j8n | B
 2j8r | A
 2j8r | B
 2je8 | A
 2je8 | B
 2jm3 | A
 2jna | B
 2iba | A
 2ic0 | A
 2idx | A
 2idx | B
 2idx | C
 2ie6 | A
 2ie7 | A
 2ogt | A
 2inq | A
 2inq | B
 2iny | A
 2i9t | A
 2i9t | B
 2i9v | A
 2hm3 | A
 2hm4 | A
 2hm5 | A
 2hm6 | A
 2hor | A
 2hox | A
 2hox | B
 2hox | C
 2hox | D
 2hp4 | A
 2hp4 | B
 2h6r | A
 2h6r | B
 2h6r | C
 2h6r | D
 2h6r | E
 2h6r | F
 2h6r | G
 2h6r | H
 2h8w | A
 2hd7 | A
 2hfz | A
 2gc7 | E
 2gc7 | M
 2gc7 | A
 2gc7 | I
 2gc7 | B
 2gc7 | F
 2gc7 | J
 2gc7 | N
 2gc7 | C
 2gc7 | G
 2gc7 | K
 2gc7 | O
 2gc7 | D
 2gc7 | H
 2gjz | A
 2gk0 | L
 2gk0 | A
 2g5l | A
 2g6v | A
 2g6v | B
 2fxs | A
 2fxt | A
 2fy1 | A
 2fvy | A
 2fw0 | A
 2e9e | A
 2e9e | B
 2dry | A
 2dry | B
 2drz | A
 2drz | B
 2ds0 | A
 2ds0 | B
 2dsk | A
 2dsk | B
 2ddk | A
 2ddk | B
 2ddy | A
 2c8t | A
 2c8t | B
 2c8t | C
 2c8t | D
 2c8t | E
 2c8t | F
 2c8t | G
 2c8t | H
 2c8t | I
 2c8t | J
 2c8t | K
 2c8t | L
 2c8t | M
 2c8t | N
 2o3p | A
 2fw3 | A
 2dve | A
 2dve | B
 2dvk | A
 2dvl | A
 2dvl | B
 2o4x | A
 2o4x | B
 2o63 | A
 2o64 | A
 2o65 | A
 2o6v | A
 2o9f | A
 2o9f | B
 2o9g | A
 2oaf | A
 2oaf | B
 2oal | A
 2oal | B
 2oam | A
 2oam | B
 2oap | 2
 2oaq | 2
 2obc | A
 2obc | B
 2oc5 | A
 2odt | X
 2ogq | A
 2jc0 | A
 2oj5 | A
 2oj5 | B
 2oj5 | C
 2oj5 | D
 2oj5 | E
 2oj5 | F
 2oj6 | A
 2oj6 | B
 2oj6 | C
 2oj6 | D
 2oj6 | E
 2oj6 | F
 2ojs | A
 2ojx | A
 2jdo | A
 2jdo | C
 2jdr | A
 2jdr | C
 2olh | A
 2oli | A
 2oo1 | A
 2oo1 | B
 2oo1 | C
 2oo1 | D
 2opg | A
 2opg | B
 2opk | A
 2opk | B
 2oqk | A
 2oqm | A
 2oqm | B
 2oqm | C
 2oqm | D
 2or2 | A
 2or2 | B
 2or3 | A
 2or3 | B
 2ord | A
 2ord | B
 2nwg | A
 2nwg | B
 2nxc | A
 2nzi | A
 2nzi | B
 2o03 | A
 2o0m | A
 2o0t | A
 2o0t | B
 2o0t | C
 2o0t | D
 2ntc | A
 2ntc | B
 2no9 | A
 2no9 | B
 2noa | A
 2noa | B
 2j4u | P
 2j4u | Q
 2j4u | R
 2j4u | U
 2j4u | V
 2j4u | W
 2j4u | S
 2j4u | X
 2j62 | A
 2j62 | B
 2j6y | A
 2j6y | B
 2j6y | C
 2j6y | D
 2j6y | E
 2j6z | A
 2j70 | A
 2jai | A
 2jai | B
 2jaj | A
 2jaj | B
 2jds | A
 2jds | I
 2jdt | A
 2jdt | I
 2jdv | A
 2jdv | I
 2jcb | A
 2jcb | B
 2dv6 | A
 2dv6 | D
 2dv6 | E
 2dv6 | F
 2cdt | A
 2jmo | A
 2jf4 | A
 2jfd | A
 2jfd | B
 2jfd | C
 2jfd | D
 2jg0 | A
 2jml | A
 2jne | A
 2imp | A
 2ipa | A
 2ipa | B
 2isq | A
 2isy | A
 2isy | B
 2isz | A
 2isz | B
 2isz | C
 2isz | D
 2it0 | A
 2ifg | A
 2ifg | B
 2ifg | E
 2ifg | F
 2ihp | A
 2ihp | B
 2iij | B
 2iij | A
 2iif | A
 2iif | A
 2iif | A
 2ill | A
 2ik0 | B
 2ik1 | B
 2ik2 | A
 2ik2 | B
 2ik4 | B
 2ik6 | A
 2hig | B
 2gzy | A
 2gzz | A
 2h60 | A
 2h9e | H
 2h9e | L
 2gj4 | A
 2gkr | I
 2gkt | I
 2gkv | E
 2gkv | A
 2gkv | B
 2gl9 | A
 2gl9 | C
 2gl9 | B
 2gl9 | D
 2gm9 | A
 2g70 | A
 2g70 | B
 2g71 | A
 2g71 | B
 2g72 | A
 2g72 | B
 2fss | C
 2fss | A
 2fss | B
 2gd0 | B
 2gd0 | D
 2dyv | A
 2dyv | B
 2e2k | A
 2e2k | B
 2e2k | C
 2e2k | D
 2e2k | E
 2e2k | F
 2e2l | A
 2e2l | B
 2e2l | C
 2e2l | D
 2e2l | E
 2e2l | F
 2dyu | A
 2dyu | B
 2die | A
 2ds5 | A
 2ds5 | B
 2ds6 | A
 2ds6 | B
 2ds7 | A
 2ds8 | A
 2ds8 | B
 2cen | A
 2cen | B
 2ccl | A
 2ccl | B
 2ccl | C
 2ccl | D
 2ceh | A
 2bzw | A
 2bzw | B
 2c03 | A
 2c03 | B
 2c04 | A
 2c04 | B
 2c1f | A
 2g4i | A
 2b8o | L
 2b8o | H
 2b8o | T
 2aym | A
 2dwc | A
 2dwc | B
 2deb | A
 2deb | B
 2fyo | A
 2o5d | A
 2o5d | B
 2oa8 | A
 2oa8 | B
 2oa9 | A
 2oa9 | B
 2oaa | A
 2oaa | B
 2od2 | A
 2ogj | A
 2ogj | B
 2ogj | D
 2ogj | E
 2ogj | F
 2oi3 | A
 2oiw | C
 2oiw | A
 2oiw | B
 2oiw | D
 2opz | A
 2opz | B
 2opz | C
 2opz | D
 2oqh | A
 2oqh | B
 2oqh | C
 2oqh | D
 2oqx | A
 2osd | A
 2oso | A
 2oss | A
 2ota | A
 2ota | B
 2otf | A
 2otm | A
 2otm | B
 2otm | C
 2ou6 | A
 2oua | A
 2oua | B
 2ntz | A
 2ntz | B
 2nom | A
 2jf9 | B
 2jf9 | C
 2jfa | A
 2jfa | B
 2jg6 | A
 2ja5 | A
 2ja5 | C
 2ja5 | E
 2ja5 | F
 2ja5 | G
 2ja5 | I
 2ja5 | J
 2ja5 | K
 2ja5 | L
 2ja6 | A
 2ja6 | C
 2ja6 | E
 2ja6 | F
 2ja7 | A
 2ja7 | C
 2ja7 | E
 2ja7 | F
 2ja7 | G
 2ja7 | I
 2ja7 | J
 2ja7 | K
 2ja7 | L
 2ja7 | M
 2ja7 | O
 2ja7 | Q
 2ja7 | R
 2ja7 | S
 2ja7 | U
 2ja7 | V
 2ja7 | W
 2ja7 | X
 2ja8 | G
 2ja8 | I
 2ja8 | J
 2ja8 | K
 2ja8 | L
 2jah | A
 2jah | B
 2jah | C
 2jah | D
 2jap | A
 2jap | B
 2jap | C
 2jap | D
 2j4t | A
 2j4t | B
 2j59 | A
 2j59 | B
 2j59 | C
 2j59 | D
 2j59 | E
 2j59 | F
 2ihr | 1
 2g4j | A
 2g4k | A
 2ioc | A
 2iu0 | A
 2iu0 | B
 2iu3 | A
 2iu3 | B
 2iu8 | A
 2iu8 | B
 2iu8 | C
 2iu9 | A
 2iu9 | B
 2iu9 | C
 2iua | A
 2iua | B
 2iua | C
 2i04 | A
 2i04 | B
 2i0i | A
 2i0i | B
 2i0i | C
 2gpe | C
 2gpe | D
 2gce | C
 2gce | A
 2gce | B
 2gce | D
 2g4m | A
 2g4m | B
 2g4n | A
 2g4n | B
 2g4n | C
 2g4n | D
 2g4n | E
 2g4n | F
 2gd2 | C
 2gd2 | A
 2gd2 | B
 2gd2 | D
 2gd6 | C
 2gd6 | A
 2gd6 | B
 2gd6 | D
 2g4o | A
 2g4o | B
 2g4o | C
 2g4o | D
 2g4p | A
 2io5 | A
 2io5 | B
 2io5 | C
 2g37 | A
 2g37 | B
 2e7s | A
 2e7s | B
 2e7s | C
 2e7s | D
 2e7s | E
 2e7s | F
 2e7s | G
 2e7s | H
 2e7s | I
 2e7s | J
 2e7s | K
 2e7s | L
 2e7s | M
 2e7s | N
 2e7s | O
 2e7s | P
 2e7s | Q
 2e7s | R
 2dwe | C
 2oq6 | A
 2oq6 | B
 2j5e | A
 2dhx | A
 2d8n | A
 2dae | A
 2ca3 | A
 2ca3 | B
 2ca4 | A
 2ca4 | B
 2cd8 | A
 2cd8 | B
 2j5f | A
 2cez | A
 2cf5 | A
 2cf6 | A
 2odu | A
 2c20 | A
 2c20 | B
 2c20 | C
 2c20 | D
 2c20 | E
 2c20 | F
 2c2j | A
 2c5b | A
 2c5b | B
 2c5b | C
 2c6r | A
 2dwv | A
 2dwv | B
 2dwq | A
 2dwq | B
 2g1d | A
 2nwl | A
 2nwl | B
 2nwl | C
 2nww | A
 2nww | B
 2nww | C
 2nwx | A
 2nwx | B
 2nwx | C
 2nx5 | S
 2nx5 | T
 2nx5 | N
 2nx5 | M
 2nx5 | C
 2nx5 | H
 2nx5 | D
 2o0u | A
 2o3z | A
 2o3z | B
 2o7r | A
 2o7v | A
 2o94 | A
 2o94 | B
 2o94 | C
 2o94 | D
 2oae | A
 2oae | B
 2ocy | A
 2ocy | B
 2od7 | A
 2od9 | A
 2og9 | A
 2og9 | B
 2ojh | A
 2ok5 | A
 2ooi | A
 2ooi | B
 2op6 | A
 2opi | A
 2opi | B
 2oq0 | A
 2oq0 | B
 2oq0 | C
 2oq0 | D
 2osx | A
 2osy | B
 2ot0 | A
 2ot0 | B
 2ot0 | C
 2ot0 | D
 2ot1 | A
 2otv | A
 2oub | A
 2ouf | A
 2ouo | A
 2ov8 | A
 2ovb | A
 2ovf | A
 2ovj | A
 2ow9 | A
 2ow9 | B
 2owa | A
 2owa | B
 2owi | A
 2own | A
 2own | B
 2owp | A
 2owp | B
 2oxc | A
 2oxc | B
 2jgb | A
 2jgb | B
 2jgc | A
 2jgc | B
 2jgd | A
 2jgd | B
 2j4j | A
 2j4j | B
 2j4j | C
 2j4j | D
 2j4j | E
 2j4j | F
 2jn6 | A
 2jng | A
 2np2 | A
 2np2 | B
 2nw2 | A
 2jcs | A
 2jcs | B
 2jd4 | A
 2jd4 | B
 2jd6 | A
 2jd6 | B
 2jd6 | C
 2jd6 | D
 2jd6 | E
 2jd6 | F
 2jd6 | G
 2jd6 | H
 2jd6 | I
 2jd6 | J
 2jd6 | K
 2jd6 | L
 2jd6 | M
 2jd6 | N
 2jd6 | O
 2jd6 | P
 2jd6 | Q
 2jd6 | R
 2jd6 | S
 2jd6 | T
 2jd6 | U
 2jd6 | V
 2jd6 | W
 2jd6 | X
 2jd6 | Y
 2jd6 | Z
 2jd6 | 0
 2jd6 | 1
 2jd6 | 2
 2jd6 | 3
 2jd6 | 4
 2jd6 | 5
 2jd6 | 6
 2jd6 | 7
 2jd6 | 8
 2jd6 | 9
 2jd7 | 0
 2jd7 | 1
 2jd7 | 2
 2jd7 | 3
 2jd7 | 4
 2jd7 | 5
 2jd7 | 6
 2jd7 | 7
 2jd7 | 8
 2jd7 | 9
 2jd7 | A
 2jd7 | B
 2jd7 | C
 2jd7 | D
 2jd7 | E
 2jd7 | F
 2jd7 | G
 2jd7 | H
 2jd7 | I
 2jd7 | J
 2jd7 | K
 2jd7 | L
 2jd7 | M
 2jd7 | N
 2jd7 | O
 2jd7 | P
 2jd7 | Q
 2jd7 | R
 2jd7 | S
 2jd7 | T
 2jd7 | U
 2jd7 | V
 2jd7 | W
 2jd7 | X
 2jd7 | Y
 2jd7 | Z
 2jd8 | 0
 2jd8 | 1
 2jd8 | 2
 2jd8 | 3
 2jd8 | 4
 2jd8 | 5
 2jd8 | 6
 2jd8 | 7
 2jd8 | 8
 2jd8 | 9
 2jd8 | A
 2jd8 | B
 2jd8 | C
 2jd8 | D
 2jd8 | E
 2jd8 | F
 2jd8 | G
 2jd8 | H
 2jd8 | I
 2jd8 | J
 2jd8 | K
 2jd8 | L
 2jd8 | M
 2jd8 | N
 2jd8 | O
 2jd8 | P
 2jd8 | Q
 2jd8 | R
 2jd8 | S
 2jd8 | T
 2jd8 | U
 2jd8 | V
 2jd8 | W
 2jd8 | X
 2jd8 | Y
 2jd8 | Z
 2j4k | A
 2j4k | B
 2j4k | C
 2j4k | D
 2j4k | E
 2j4l | J
 2j4l | L
 2gmo | A
 2ov2 | A
 2ov2 | B
 2ov2 | C
 2ov2 | D
 2ov2 | E
 2ov2 | F
 2ov2 | G
 2ov2 | H
 2ov2 | I
 2ov2 | J
 2ov2 | K
 2ov2 | L
 2ov2 | M
 2ov2 | N
 2ov2 | O
 2ov2 | P
 2iqg | A
 2i99 | A
 2i99 | B
 2ibj | A
 2ibl | A
 2ibl | A
 2ic6 | A
 2odv | A
 2htf | A
 2ott | X
 2ott | Y
 2ot9 | A
 2hgo | A
 2h8n | A
 2h8n | B
 2h8n | C
 2h8n | D
 2gz6 | B
 2gz6 | A
 2go9 | A
 2gt3 | A
 2ot7 | A
 2ot7 | B
 2olv | A
 2olv | B
 2g3w | B
 2g3w | A
 2g4a | A
 2fvn | A
 2g13 | A
 2e6y | A
 2e6y | B
 2onr | A
 2e7z | A
 2ec2 | A
 2ec2 | B
 2ec2 | C
 2ec2 | D
 2ec2 | E
 2ef1 | A
 2ef1 | B
 2e4u | A
 2e4u | B
 2e4v | A
 2e4v | B
 2e4w | A
 2e4w | B
 2e4x | A
 2e4x | B
 2e4y | A
 2e4y | B
 2dil | A
 2dla | B
 2dla | C
 2dla | A
 2ons | A
 2cfr | A
 2cfs | A
 2cft | A
 2cg6 | A
 2cg7 | A
 2c89 | A
 2c89 | B
 2c89 | C
 2c89 | D
 2c8a | A
 2c8a | B
 2c8a | C
 2c8a | D
 2c8b | X
 2c8c | A
 2c8c | B
 2c8d | A
 2c8d | B
 2c8d | C
 2c8d | D
 2c8e | E
 2c8e | F
 2c8e | G
 2c8f | E
 2c8f | F
 2c8f | G
 2c8g | A
 2c8g | B
 2c8g | C
 2c8g | D
 2c8h | A
 2c8h | B
 2c8h | C
 2c8h | D
 2c40 | A
 2c40 | B
 2c4m | A
 2c4m | B
 2c4m | C
 2c4m | D
 2dxa | A
 2dxd | A
 2dxd | B
 2dxe | A
 2dxe | B
 2dxf | A
 2dxf | B
 2dx6 | A
 2os2 | B
 2oqo | A
 2oq7 | A
 2oq7 | B
 2ocj | A
 2ocj | B
 2ocj | C
 2ocj | D
 2oor | A
 2oor | B
 2oor | C
 2oo5 | A
 2oo5 | B
 2oo5 | C
 2onj | A
 2onj | B
 2oml | A
 2olw | A
 2olw | B
 2ojw | A
 2ojw | B
 2ojw | C
 2ojw | D
 2ojw | E
 2ohu | A
 2oht | A
 2ohs | A
 2ohr | A
 2ohq | A
 2ohn | A
 2ohm | A
 2ohl | A
 2og0 | A
 2og0 | B
 2nnc | A
 2nnc | B
 2nnf | A
 2nnf | B
 2nnk | A
 2nnk | B
 2nnp | A
 2nnp | B
 2npl | X
 2nt3 | A
 2nt4 | A
 2o26 | A
 2o26 | B
 2o26 | E
 2o26 | F
 2o26 | U
 2o26 | W
 2o26 | X
 2o26 | Y
 2o27 | A
 2o27 | B
 2o4g | A
 2o4g | B
 2o4g | C
 2o4g | D
 2o4i | A
 2o4i | B
 2g4h | A
 2dfz | B
 2dfz | D
 2dfz | C
 2dfz | A
 2of0 | A
 2of3 | A
 2jbl | C
 2jbl | H
 2jbl | L
 2jbl | M
 2jei | A
 2jej | A
 2jdi | A
 2jdi | B
 2jdi | C
 2jdi | I
 2jfk | A
 2jfk | B
 2jfk | C
 2jfk | D
 2jef | A
 2jnc | A
 2jnd | A
 2nmw | A
 2nmw | B
 2nmy | A
 2nmy | B
 2jeg | A
 2nmz | A
 2nmz | B
 2p27 | A
 2p1l | B
 2p1l | D
 2p1l | F
 2p1l | H
 2p0w | Q
 2p0w | P
 2p0w | A
 2p0w | B
 2p0u | A
 2p0u | B
 2p0i | A
 2p0i | B
 2p0i | C
 2p0i | D
 2p0i | E
 2p0i | F
 2p0i | G
 2p0i | H
 2p02 | A
 2ozu | A
 2ozt | A
 2ozg | A
 2ozf | A
 2oz8 | A
 2oz8 | B
 2oyc | A
 2oxs | A
 2ox0 | A
 2ox0 | B
 2ovc | A
 2ov9 | A
 2ov9 | B
 2ov9 | C
 2ov9 | D
 2jem | A
 2jem | B
 2ol2 | A
 2ol2 | B
 2j7u | A
 2j7w | A
 2ipk | A
 2ipk | B
 2ipk | D
 2iv9 | A
 2iv9 | B
 2idq | A
 2i5o | A
 2i6p | A
 2i6o | A
 2i3b | A
 2i6m | A
 2i6j | A
 2hre | A
 2hre | B
 2hre | C
 2hre | D
 2hrc | A
 2hrc | B
 2hi9 | A
 2hi9 | B
 2hi9 | C
 2gtf | X
 2gui | A
 2glm | E
 2glm | B
 2glm | D
 2glv | I
 2glv | G
 2glv | F
 2glv | C
 2glv | L
 2glv | A
 2gkl | A
 2g9w | A
 2g9w | B
 2g7n | A
 2ga2 | A
 2g82 | O
 2g82 | P
 2g82 | Q
 2g82 | R
 2g82 | A
 2g82 | B
 2g82 | C
 2g82 | D
 2e25 | A
 2e2d | A
 2e2d | C
 2dxp | A
 2dtq | A
 2dtq | B
 2dts | A
 2dts | B
 2du3 | A
 2du6 | A
 2du5 | A
 2di2 | A
 2cb0 | A
 2cb0 | B
 2dg7 | A
 2cgy | A
 2djb | A
 2dg6 | A
 2dg8 | B
 2dg8 | D
 2dg8 | C
 2dg8 | A
 2dgd | B
 2dgd | D
 2dgd | C
 2dgd | A
 2onk | A
 2onk | B
 2onk | F
 2onk | G
 2onk | C
 2e82 | A
 2e82 | B
 2e82 | C
 2e82 | D
 2jen | A
 2e48 | A
 2e48 | B
 2e48 | C
 2e48 | D
 2e49 | A
 2e49 | B
 2e49 | C
 2e49 | D
 2dya | A
 2dya | B
 2dy9 | A
 2dy9 | B
 2oie | A
 2oie | B
 2oie | C
 2oie | D
 2oh7 | A
 2oh6 | A
 2oh5 | A
 2onm | A
 2onm | B
 2onm | C
 2onm | D
 2onm | E
 2onm | F
 2onm | G
 2onm | H
 2onm | I
 2onm | J
 2onn | A
 2onn | B
 2onn | C
 2onn | D
 2onn | E
 2onn | F
 2onn | G
 2onn | H
 2ono | A
 2ono | B
 2ono | C
 2ono | D
 2ono | E
 2ono | F
 2ono | G
 2ono | H
 2onp | A
 2onp | B
 2onp | C
 2onp | D
 2onp | E
 2onp | F
 2onp | G
 2onp | H
 2opc | A
 2opw | A
 2oq1 | A
 2oqg | A
 2oqg | B
 2oqg | C
 2oqg | D
 2oqt | A
 2oqt | B
 2oqt | C
 2oqt | D
 2onh | A
 2onh | B
 2or0 | A
 2or0 | B
 2osa | A
 2osn | A
 2ov4 | A
 2ouw | A
 2ouw | B
 2o9b | A
 2o9c | A
 2oa4 | A
 2jgw | A
 2og5 | A
 2og6 | A
 2oqy | A
 2oqy | B
 2oqy | C
 2oqy | D
 2oqy | E
 2oqy | F
 2oqy | G
 2ox3 | A
 2ox4 | A
 2ox4 | B
 2ox4 | C
 2ox4 | D
 2ox4 | E
 2ox4 | F
 2ox4 | G
 2ox4 | H
 2o42 | A
 2o42 | B
 2ou5 | A
 2ou5 | B
 2oz3 | A
 2oz3 | B
 2oz3 | C
 2oz3 | D
 2oz3 | E
 2oz3 | F
 2oz3 | G
 2oz3 | H
 2oz9 | R
 2ox7 | A
 2ox7 | B
 2ox7 | C
 2ox7 | D
 2oxu | A
 2oxz | A
 2oy2 | A
 2o2q | A
 2o2q | B
 2o2q | C
 2o2q | D
 2oyk | B
 2oyn | A
 2oys | A
 2oys | B
 2o2r | A
 2o2r | B
 2o2r | C
 2o2r | D
 2ou1 | A
 2ou1 | B
 2ou1 | C
 2ou1 | D
 2ou1 | E
 2ou1 | F
 2ou1 | G
 2ou1 | H
 2ou1 | I
 2ou1 | J
 2ou1 | K
 2ou1 | L
 2otd | A
 2otd | B
 2otd | C
 2otd | D
 2o2p | A
 2o2p | B
 2o2p | C
 2o2p | D
 2ong | A
 2ong | B
 2oig | A
 2oig | B
 2oig | D
 2nmn | A
 2nmo | A
 2nn8 | A
 2hkx | A
 2hkx | B
 2j5t | A
 2j5t | B
 2j5t | C
 2j5t | D
 2j5t | E
 2j5t | F
 2j5t | G
 2j5t | H
 2j48 | A
 2ipb | A
 2ipb | B
 2ipb | C
 2ipb | D
 2ilx | A
 2i26 | O
 2i26 | P
 2i26 | L
 2i26 | M
 2i26 | Q
 2i25 | L
 2i25 | M
 2ja4 | A
 2jc4 | A
 2jc5 | A
 2jcg | A
 2jgy | A
 2jgy | B
 2gks | A
 2gks | B
 2gj3 | A
 2gj3 | B
 2g6a | A
 2g68 | A
 2g65 | A
 2fxg | B
 2g7m | D
 2g7m | C
 2g7m | X
 2g3i | A
 2fxj | B
 2fxj | A
 2fxh | B
 2fxh | A
 2g6c | A
 2gqq | A
 2gqq | B
 2gqq | C
 2gqq | D
 2gqn | A
 2gqn | B
 2gqc | A
 2ebf | X
 2ebh | X
 2ec5 | A
 2ec5 | B
 2efb | B
 2efb | A
 2efu | A
 2efu | B
 2efu | C
 2efu | D
 2efu | E
 2efu | F
 2dfh | A
 2dfi | A
 2dfi | B
 2e1b | A
 2cbx | A
 2cbx | B
 2cbx | C
 2cb9 | A
 2c45 | A
 2c45 | B
 2c45 | C
 2c45 | D
 2c45 | E
 2c45 | F
 2c45 | G
 2c45 | H
 2dy0 | A
 2dy0 | B
 2osh | A
 2g85 | A
 2dxt | A
 2dxt | B
 2dxu | A
 2dxu | B
 2dxv | A
 2dxv | B
 2dxw | A
 2dxw | B
 2dxx | A
 2dxx | B
 2jm6 | A
 2jm6 | B
 2npr | A
 2nv9 | A
 2nv9 | B
 2nv9 | C
 2nv9 | D
 2nv9 | E
 2nv9 | F
 2nv9 | G
 2nv9 | H
 2nva | A
 2nva | B
 2nva | C
 2nva | D
 2nva | E
 2nva | F
 2nva | G
 2nva | H
 2o7i | A
 2o7j | A
 2o7j | B
 2o7n | A
 2odh | A
 2odi | A
 2odi | B
 2oej | A
 2oej | B
 2oek | A
 2oek | B
 2oel | A
 2oel | B
 2oib | A
 2oib | B
 2oib | C
 2oib | D
 2oic | A
 2oic | B
 2oic | C
 2oic | D
 2oid | B
 2oid | D
 2ojf | I
 2ojf | E
 2olu | A
 2oo8 | X
 2oot | A
 2oqq | A
 2oqq | B
 2osc | A
 2ost | A
 2ost | B
 2oun | A
 2oun | B
 2oup | A
 2oup | B
 2ouu | A
 2ouu | B
 2ouv | A
 2ouv | B
 2oux | A
 2oux | B
 2ouy | A
 2ouy | B
 2ovh | B
 2ovh | A
 2ovl | A
 2ovl | B
 2ovl | C
 2ovl | D
 2ovm | B
 2ovm | A
 2owl | A
 2owl | B
 2oxp | A
 2oy9 | A
 2oy9 | B
 2oyf | A
 2oyo | A
 2oyo | B
 2oyz | A
 2ozb | A
 2ozb | D
 2ozb | B
 2ozb | E
 2ozh | A
 2ozj | A
 2p0g | D
 2p0l | A
 2p0r | A
 2p0r | B
 2p0v | A
 2p0v | B
 2p11 | A
 2p11 | B
 2p1a | A
 2p1a | B
 2p1d | A
 2p1g | A
 2p1g | B
 2p1j | A
 2p1j | B
 2p2e | A
 2p2s | A
 2p2s | B
 2p31 | A
 2p31 | B
 2p3z | A
 2p3z | B
 2p4i | B
 2p4u | A
 2p4u | B
 2p4u | C
 2p4u | D
 2uv2 | A
 2uvh | A
 2uvi | A
 2j7q | B
 2j7q | D
 2j8a | A
 2j94 | B
 2j95 | B
 2jbo | A
 2jbp | A
 2jbp | B
 2jbp | C
 2jbp | D
 2jbp | E
 2jbp | F
 2jbp | G
 2jbp | H
 2jbp | I
 2gx6 | A
 2gom | A
 2gom | B
 2gox | A
 2gox | C
 2gox | B
 2gox | D
 2gsz | E
 2gsz | B
 2gsz | D
 2gsz | F
 2gsz | C
 2gsz | A
 2gwo | A
 2gwo | B
 2gwo | C
 2gwo | D
 2hpg | A
 2hpg | B
 2hpg | C
 2hpg | D
 2gxg | A
 2gyp | A
 2gyp | B
 2h1k | A
 2h1k | B
 2h3g | X
 2hph | A
 2hsy | A
 2i7f | B
 2i7f | A
 2ibz | A
 2ibz | B
 2ibz | C
 2ibz | D
 2ibz | E
 2ibz | H
 2ibz | F
 2ibz | G
 2ibz | I
 2icj | A
 2ick | A
 2ii7 | A
 2ii7 | B
 2ii7 | C
 2ii7 | D
 2ii7 | E
 2ii8 | A
 2ii8 | B
 2ii8 | D
 2ioy | A
 2ioy | B
 2ipl | A
 2ipm | A
 2ipn | A
 2gdl | A
 2gdo | A
 2gh6 | A
 2gh6 | B
 2gh6 | C
 2gh6 | D
 2ga8 | A
 2gbw | E
 2gbw | B
 2gbw | D
 2gbw | F
 2gbw | C
 2gbw | A
 2gbx | E
 2gbx | B
 2gbx | D
 2gbx | F
 2gbx | C
 2gbx | A
 2gcx | A
 2dgj | B
 2dgj | A
 2dcj | B
 2dcj | A
 2dck | A
 2cdr | A
 2cdr | B
 2cc2 | A
 2cc2 | B
 2cc2 | C
 2cff | A
 2cff | B
 2dyy | A
 2dyy | B
 2dyy | C
 2dyy | D
 2dyy | E
 2dyy | F
 2dyy | G
 2dyy | H
 2dyy | J
 2dyy | K
 2dyy | L
 2dyi | A
 2dyj | A
 2dyj | B
 2dyk | A
 2dyk | B
 2p06 | B
 2ozz | A
 2ozz | B
 2ozi | A
 2ozi | B
 2oz7 | A
 2uvq | A
 2uvl | A
 2uvl | B
 2uv3 | A
 2uv3 | B
 2uv0 | E
 2uv0 | F
 2uv0 | G
 2uv0 | H
 2uue | A
 2uue | B
 2uue | C
 2uue | D
 2p61 | A
 2p5x | A
 2p5x | B
 2p4g | A
 2p3y | A
 2p3y | B
 2p2u | A
 2p2u | B
 2p1i | A
 2p1i | B
 2p1i | C
 2p1i | D
 2p1i | E
 2p1i | F
 2p1i | G
 2p1i | H
 2p1b | A
 2p1b | B
 2p1b | C
 2p1b | D
 2p1b | E
 2p1b | F
 2p1b | G
 2p1b | H
 2p1b | I
 2p1b | J
 2p0o | A
 2p0n | A
 2p0n | B
 2oex | A
 2oex | B
 2oew | A
 2oev | A
 2o8v | A
 2o8v | B
 2o20 | A
 2o20 | C
 2o20 | D
 2o20 | B
(3316 rows)

